#! /c/Source/iverilog-install/bin/vvp
:ivl_version "12.0 (devel)" "(s20150603-1539-g2693dd32b)";
:ivl_delay_selection "TYPICAL";
:vpi_time_precision - 12;
:vpi_module "C:\iverilog\lib\ivl\system.vpi";
:vpi_module "C:\iverilog\lib\ivl\vhdl_sys.vpi";
:vpi_module "C:\iverilog\lib\ivl\vhdl_textio.vpi";
:vpi_module "C:\iverilog\lib\ivl\v2005_math.vpi";
:vpi_module "C:\iverilog\lib\ivl\va_math.vpi";
:vpi_module "C:\iverilog\lib\ivl\v2009.vpi";
S_00000272716d54a0 .scope package, "$unit" "$unit" 2 1;
 .timescale 0 0;
S_00000272716e67c0 .scope module, "tb_pp_top" "tb_pp_top" 3 3;
 .timescale -9 -12;
v0000027271743ea0_0 .var "clk", 0 0;
v0000027271743fe0_0 .var/i "cycle", 31 0;
v0000027271744080_0 .var/i "err", 31 0;
v0000027271742a00_0 .var "rst", 0 0;
S_00000272716e6be0 .scope module, "dut" "pp_top" 3 9, 4 1 0, S_00000272716e67c0;
 .timescale -9 -12;
    .port_info 0 /INPUT 1 "clk";
    .port_info 1 /INPUT 1 "rst";
P_00000272716d7300 .param/l "NOP" 1 4 5, C4<00000000000000000000000000010011>;
L_00000272717a0420 .functor OR 1, L_000002727179d680, L_000002727179e1c0, C4<0>, C4<0>;
L_000002727179fa80 .functor OR 1, L_00000272717a0420, L_000002727179ebc0, C4<0>, C4<0>;
L_000002727179f460 .functor AND 1, v0000027271740000_0, L_000002727179d540, C4<1>, C4<1>;
L_000002727179f3f0 .functor AND 1, L_000002727179fa80, L_000002727179dd60, C4<1>, C4<1>;
L_00000272717a0490 .functor OR 1, L_000002727179d4a0, L_000002727179f3f0, C4<0>, C4<0>;
L_000002727179f930 .functor AND 1, L_000002727179f460, L_00000272717a0490, C4<1>, C4<1>;
L_000002727179fa10 .functor BUFZ 32, L_000002727179e940, C4<00000000000000000000000000000000>, C4<00000000000000000000000000000000>, C4<00000000000000000000000000000000>;
L_00000272717455f0 .functor BUFT 1, C4<11111111111111111111111111111110>, C4<0>, C4<0>, C4<0>;
L_000002727179fe00 .functor AND 32, L_000002727179e8a0, L_00000272717455f0, C4<11111111111111111111111111111111>, C4<11111111111111111111111111111111>;
L_000002727179fd20 .functor AND 1, v00000272717410e0_0, v0000027271739820_0, C4<1>, C4<1>;
L_00000272717a0d50 .functor OR 1, L_000002727179fd20, v00000272717406e0_0, C4<0>, C4<0>;
L_000002727179f9a0 .functor BUFZ 32, v00000272717437c0_0, C4<00000000000000000000000000000000>, C4<00000000000000000000000000000000>, C4<00000000000000000000000000000000>;
L_000002727179f8c0 .functor BUFZ 32, L_0000027271655dc0, C4<00000000000000000000000000000000>, C4<00000000000000000000000000000000>, C4<00000000000000000000000000000000>;
L_00000272717a00a0 .functor BUFZ 32, v0000027271740be0_0, C4<00000000000000000000000000000000>, C4<00000000000000000000000000000000>, C4<00000000000000000000000000000000>;
L_00000272717a0ce0 .functor BUFZ 32, v0000027271740b40_0, C4<00000000000000000000000000000000>, C4<00000000000000000000000000000000>, C4<00000000000000000000000000000000>;
L_00000272717a08f0 .functor BUFZ 32, v000002727173b650_0, C4<00000000000000000000000000000000>, C4<00000000000000000000000000000000>, C4<00000000000000000000000000000000>;
L_000002727179faf0 .functor BUFZ 5, L_0000027271742e60, C4<00000>, C4<00000>, C4<00000>;
L_00000272717a0880 .functor BUFZ 5, L_0000027271742dc0, C4<00000>, C4<00000>, C4<00000>;
L_000002727179f770 .functor BUFZ 5, L_00000272717421e0, C4<00000>, C4<00000>, C4<00000>;
L_00000272717a0110 .functor BUFZ 32, L_0000027271743b80, C4<00000000000000000000000000000000>, C4<00000000000000000000000000000000>, C4<00000000000000000000000000000000>;
L_000002727179fc40 .functor BUFZ 32, L_0000027271742960, C4<00000000000000000000000000000000>, C4<00000000000000000000000000000000>, C4<00000000000000000000000000000000>;
L_00000272717a0ab0 .functor BUFZ 32, v00000272717414a0_0, C4<00000000000000000000000000000000>, C4<00000000000000000000000000000000>, C4<00000000000000000000000000000000>;
L_000002727179fe70 .functor BUFZ 7, v000002727173f9c0_0, C4<0000000>, C4<0000000>, C4<0000000>;
L_000002727179f2a0 .functor BUFZ 32, v000002727173e810_0, C4<00000000000000000000000000000000>, C4<00000000000000000000000000000000>, C4<00000000000000000000000000000000>;
L_00000272717a0a40 .functor BUFZ 32, L_000002727179df40, C4<00000000000000000000000000000000>, C4<00000000000000000000000000000000>, C4<00000000000000000000000000000000>;
L_00000272717a0c70 .functor BUFZ 32, v0000027271738ec0_0, C4<00000000000000000000000000000000>, C4<00000000000000000000000000000000>, C4<00000000000000000000000000000000>;
L_00000272717a0030 .functor BUFZ 4, v000002727173ea90_0, C4<0000>, C4<0000>, C4<0000>;
L_00000272717a0b20 .functor BUFZ 1, v0000027271739820_0, C4<0>, C4<0>, C4<0>;
L_000002727179fb60 .functor BUFZ 2, v000002727173a4d0_0, C4<00>, C4<00>, C4<00>;
L_00000272717a0b90 .functor BUFZ 2, v000002727173a6b0_0, C4<00>, C4<00>, C4<00>;
L_000002727179fcb0 .functor BUFZ 1, L_000002727179f930, C4<0>, C4<0>, C4<0>;
L_00000272717a0650 .functor BUFZ 1, L_00000272717a0d50, C4<0>, C4<0>, C4<0>;
L_000002727179ffc0 .functor BUFZ 1, L_000002727179f690, C4<0>, C4<0>, C4<0>;
L_000002727179fd90 .functor BUFZ 32, L_000002727179e940, C4<00000000000000000000000000000000>, C4<00000000000000000000000000000000>, C4<00000000000000000000000000000000>;
L_00000272717a0960 .functor BUFZ 1, v000002727173e4f0_0, C4<0>, C4<0>, C4<0>;
L_00000272717a0180 .functor BUFZ 1, v000002727173eb30_0, C4<0>, C4<0>, C4<0>;
L_00000272717a0340 .functor BUFZ 32, v000002727173f030_0, C4<00000000000000000000000000000000>, C4<00000000000000000000000000000000>, C4<00000000000000000000000000000000>;
L_00000272717a02d0 .functor BUFZ 32, v000002727173ec70_0, C4<00000000000000000000000000000000>, C4<00000000000000000000000000000000>, C4<00000000000000000000000000000000>;
L_000002727179f4d0 .functor BUFZ 32, v000002727173a390_0, C4<00000000000000000000000000000000>, C4<00000000000000000000000000000000>, C4<00000000000000000000000000000000>;
L_000002727179f690 .functor BUFZ 1, v0000027271742c80_0, C4<0>, C4<0>, C4<0>;
L_000002727179fbd0 .functor BUFZ 5, v0000027271743f40_0, C4<00000>, C4<00000>, C4<00000>;
L_00000272717451b8 .functor BUFT 1, C4<00000000000000000000000000000100>, C4<0>, C4<0>, C4<0>;
v000002727173bcc0_0 .net/2u *"_ivl_0", 31 0, L_00000272717451b8;  1 drivers
L_0000027271745638 .functor BUFT 1, C4<100>, C4<0>, C4<0>, C4<0>;
v000002727173cda0_0 .net/2u *"_ivl_128", 2 0, L_0000027271745638;  1 drivers
L_0000027271745680 .functor BUFT 1, C4<011>, C4<0>, C4<0>, C4<0>;
v000002727173cee0_0 .net/2u *"_ivl_130", 2 0, L_0000027271745680;  1 drivers
L_00000272717456c8 .functor BUFT 1, C4<010>, C4<0>, C4<0>, C4<0>;
v000002727173d0c0_0 .net/2u *"_ivl_132", 2 0, L_00000272717456c8;  1 drivers
L_0000027271745710 .functor BUFT 1, C4<001>, C4<0>, C4<0>, C4<0>;
v000002727173c260_0 .net/2u *"_ivl_134", 2 0, L_0000027271745710;  1 drivers
L_0000027271745758 .functor BUFT 1, C4<000>, C4<0>, C4<0>, C4<0>;
v000002727173c9e0_0 .net/2u *"_ivl_136", 2 0, L_0000027271745758;  1 drivers
v000002727173be00_0 .net *"_ivl_138", 2 0, L_000002727179ed00;  1 drivers
v000002727173d700_0 .net *"_ivl_140", 2 0, L_000002727179ef80;  1 drivers
v000002727173bea0_0 .net *"_ivl_142", 2 0, L_000002727179da40;  1 drivers
L_0000027271745440 .functor BUFT 1, C4<0110011>, C4<0>, C4<0>, C4<0>;
v000002727173cf80_0 .net/2u *"_ivl_16", 6 0, L_0000027271745440;  1 drivers
v000002727173bf40_0 .net *"_ivl_164", 31 0, L_000002727179eb20;  1 drivers
v000002727173bfe0_0 .net *"_ivl_166", 31 0, L_000002727179ea80;  1 drivers
v000002727173c8a0_0 .net *"_ivl_168", 31 0, L_000002727179dea0;  1 drivers
v000002727173c940_0 .net *"_ivl_18", 0 0, L_000002727179d680;  1 drivers
L_0000027271745488 .functor BUFT 1, C4<0100011>, C4<0>, C4<0>, C4<0>;
v000002727173b9a0_0 .net/2u *"_ivl_20", 6 0, L_0000027271745488;  1 drivers
v000002727173c080_0 .net *"_ivl_22", 0 0, L_000002727179e1c0;  1 drivers
v000002727173c120_0 .net *"_ivl_25", 0 0, L_00000272717a0420;  1 drivers
L_00000272717454d0 .functor BUFT 1, C4<1100011>, C4<0>, C4<0>, C4<0>;
v000002727173c300_0 .net/2u *"_ivl_26", 6 0, L_00000272717454d0;  1 drivers
v000002727173cbc0_0 .net *"_ivl_28", 0 0, L_000002727179ebc0;  1 drivers
L_0000027271745518 .functor BUFT 1, C4<00000>, C4<0>, C4<0>, C4<0>;
v000002727173ca80_0 .net/2u *"_ivl_32", 4 0, L_0000027271745518;  1 drivers
v000002727173cb20_0 .net *"_ivl_34", 0 0, L_000002727179d540;  1 drivers
v000002727173c1c0_0 .net *"_ivl_37", 0 0, L_000002727179f460;  1 drivers
v000002727173c760_0 .net *"_ivl_38", 0 0, L_000002727179d4a0;  1 drivers
v000002727173d520_0 .net *"_ivl_40", 0 0, L_000002727179dd60;  1 drivers
v000002727173c3a0_0 .net *"_ivl_43", 0 0, L_000002727179f3f0;  1 drivers
v000002727173c440_0 .net *"_ivl_45", 0 0, L_00000272717a0490;  1 drivers
v000002727173d200_0 .net *"_ivl_50", 31 0, L_000002727179e080;  1 drivers
v000002727173d2a0_0 .net *"_ivl_52", 31 0, L_000002727179d720;  1 drivers
v000002727173d340_0 .net *"_ivl_54", 31 0, L_000002727179d7c0;  1 drivers
L_00000272717455a8 .functor BUFT 1, C4<00000000000000000000000000000100>, C4<0>, C4<0>, C4<0>;
v000002727173d3e0_0 .net/2u *"_ivl_60", 31 0, L_00000272717455a8;  1 drivers
v000002727173cc60_0 .net *"_ivl_68", 31 0, L_000002727179e8a0;  1 drivers
v000002727173cd00_0 .net/2u *"_ivl_70", 31 0, L_00000272717455f0;  1 drivers
v000002727173ba40_0 .net *"_ivl_75", 0 0, L_000002727179fd20;  1 drivers
v000002727173d480_0 .net *"_ivl_78", 31 0, L_000002727179d860;  1 drivers
v000002727173c4e0_0 .net "clk", 0 0, v0000027271743ea0_0;  1 drivers
v000002727173c6c0_0 .net "dbg_alu_a", 31 0, L_000002727179f2a0;  1 drivers
v000002727173d5c0_0 .net "dbg_alu_b", 31 0, L_00000272717a0a40;  1 drivers
v000002727173c800_0 .net "dbg_alu_sel", 3 0, L_00000272717a0030;  1 drivers
v000002727173bae0_0 .net "dbg_alu_y", 31 0, L_00000272717a0c70;  1 drivers
v000002727173bb80_0 .net "dbg_br_take", 0 0, L_00000272717a0b20;  1 drivers
v000002727173daf0_0 .net "dbg_flush", 0 0, L_00000272717a0650;  1 drivers
v000002727173f710_0 .net "dbg_fwd_a", 1 0, L_000002727179fb60;  1 drivers
v000002727173e450_0 .net "dbg_fwd_b", 1 0, L_00000272717a0b90;  1 drivers
v000002727173e8b0_0 .net "dbg_id_ex_opc", 6 0, L_000002727179fe70;  1 drivers
v000002727173ef90_0 .net "dbg_id_ex_pc", 31 0, L_00000272717a0ab0;  1 drivers
v000002727173db90_0 .net "dbg_id_imm", 31 0, L_00000272717a08f0;  1 drivers
v000002727173f490_0 .net "dbg_id_rd", 4 0, L_000002727179f770;  1 drivers
v000002727173f350_0 .net "dbg_id_rs1", 4 0, L_000002727179faf0;  1 drivers
v000002727173dd70_0 .net "dbg_id_rs2", 4 0, L_00000272717a0880;  1 drivers
v000002727173f5d0_0 .net "dbg_if_id_instr", 31 0, L_00000272717a0ce0;  1 drivers
v000002727173ed10_0 .net "dbg_if_id_pc", 31 0, L_00000272717a00a0;  1 drivers
v000002727173f530_0 .net "dbg_instr_if", 31 0, L_000002727179f8c0;  1 drivers
v000002727173d9b0_0 .net "dbg_mem_addr", 31 0, L_00000272717a0340;  1 drivers
v000002727173f210_0 .net "dbg_mem_rdata", 31 0, L_000002727179f4d0;  1 drivers
v000002727173da50_0 .net "dbg_mem_re", 0 0, L_00000272717a0180;  1 drivers
v000002727173deb0_0 .net "dbg_mem_wdata", 31 0, L_00000272717a02d0;  1 drivers
v000002727173f170_0 .net "dbg_mem_we", 0 0, L_00000272717a0960;  1 drivers
v000002727173df50_0 .net "dbg_pc", 31 0, L_000002727179f9a0;  1 drivers
v000002727173f7b0_0 .net "dbg_pc_next", 31 0, L_000002727179d900;  1 drivers
v000002727173e310_0 .net "dbg_reg_wen", 0 0, L_000002727179ffc0;  1 drivers
v000002727173f2b0_0 .net "dbg_rs1_data", 31 0, L_00000272717a0110;  1 drivers
v000002727173dff0_0 .net "dbg_rs2_data", 31 0, L_000002727179fc40;  1 drivers
v000002727173dc30_0 .net "dbg_stall", 0 0, L_000002727179fcb0;  1 drivers
v000002727173e9f0_0 .net "dbg_wb_data", 31 0, L_000002727179fd90;  1 drivers
v000002727173e950_0 .net "dbg_wb_sel", 2 0, L_000002727179ec60;  1 drivers
v000002727173ea90_0 .var "ex_alu_ctrl", 3 0;
v000002727173dcd0_0 .net "ex_alu_y", 31 0, v0000027271738ec0_0;  1 drivers
v000002727173e090_0 .net "ex_branch_take", 0 0, v0000027271739820_0;  1 drivers
v000002727173e130_0 .net "ex_branch_target", 31 0, L_000002727179e9e0;  1 drivers
v000002727173f3f0_0 .net "ex_jal_target", 31 0, L_000002727179e760;  1 drivers
v000002727173e1d0_0 .net "ex_jalr_target", 31 0, L_000002727179fe00;  1 drivers
v000002727173f030_0 .var "ex_mem_alu_q", 31 0;
v000002727173edb0_0 .var "ex_mem_auipc_q", 0 0;
v000002727173f670_0 .var "ex_mem_funct3_q", 2 0;
v000002727173f850_0 .net "ex_mem_fwd_val", 31 0, L_000002727179d5e0;  1 drivers
v000002727173de10_0 .var "ex_mem_imm_q", 31 0;
v000002727173f0d0_0 .var "ex_mem_jump_q", 0 0;
v000002727173e270_0 .var "ex_mem_lui_q", 0 0;
v000002727173eb30_0 .var "ex_mem_memread_q", 0 0;
v000002727173e3b0_0 .var "ex_mem_memtoreg_q", 0 0;
v000002727173e4f0_0 .var "ex_mem_memwrite_q", 0 0;
v000002727173e590_0 .var "ex_mem_pc4_q", 31 0;
v000002727173e630_0 .var "ex_mem_pc_q", 31 0;
v000002727173e6d0_0 .var "ex_mem_rd_q", 4 0;
v000002727173e770_0 .var "ex_mem_regwrite_q", 0 0;
v000002727173ec70_0 .var "ex_mem_rs2_store_q", 31 0;
v000002727173e810_0 .var "ex_op_a_raw", 31 0;
v000002727173ebd0_0 .net "ex_op_b", 31 0, L_000002727179df40;  1 drivers
v000002727173ee50_0 .var "ex_op_b_raw", 31 0;
v000002727173eef0_0 .net "ex_pc4", 31 0, L_000002727179db80;  1 drivers
v0000027271740780_0 .net "ex_taken", 0 0, L_00000272717a0d50;  1 drivers
v000002727173ff60_0 .net "ex_target", 31 0, L_000002727179e120;  1 drivers
v0000027271740a00_0 .net "ex_zero", 0 0, L_000002727179eee0;  1 drivers
v00000272717412c0_0 .net "fwd_a", 1 0, v000002727173a4d0_0;  1 drivers
v000002727173fe20_0 .net "fwd_b", 1 0, v000002727173a6b0_0;  1 drivers
v00000272717417c0_0 .net "id_aluop", 1 0, v00000272717387e0_0;  1 drivers
v0000027271740140_0 .net "id_alusrc", 0 0, v0000027271738920_0;  1 drivers
v000002727173fec0_0 .net "id_auipc", 0 0, v0000027271738d80_0;  1 drivers
v0000027271740f00_0 .net "id_branch", 0 0, v00000272717386a0_0;  1 drivers
v0000027271740320_0 .var "id_ex_aluop_q", 1 0;
v0000027271740fa0_0 .var "id_ex_alusrc_q", 0 0;
v00000272717403c0_0 .var "id_ex_auipc_q", 0 0;
v00000272717410e0_0 .var "id_ex_branch_q", 0 0;
v0000027271740d20_0 .var "id_ex_funct3_q", 2 0;
v0000027271740460_0 .var "id_ex_funct7_q", 6 0;
v0000027271741720_0 .var "id_ex_imm_q", 31 0;
v0000027271741360_0 .var "id_ex_jalr_q", 0 0;
v00000272717406e0_0 .var "id_ex_jump_q", 0 0;
v0000027271741180_0 .var "id_ex_lui_q", 0 0;
v0000027271740000_0 .var "id_ex_memread_q", 0 0;
v0000027271741400_0 .var "id_ex_memtoreg_q", 0 0;
v0000027271741860_0 .var "id_ex_memwrite_q", 0 0;
v000002727173f9c0_0 .var "id_ex_opcode_q", 6 0;
v00000272717414a0_0 .var "id_ex_pc_q", 31 0;
v00000272717401e0_0 .var "id_ex_rd_q", 4 0;
v0000027271740500_0 .var "id_ex_regwrite_q", 0 0;
v00000272717400a0_0 .var "id_ex_rs1_q", 4 0;
v0000027271741540_0 .var "id_ex_rs1_val_q", 31 0;
v00000272717405a0_0 .var "id_ex_rs2_q", 4 0;
v00000272717415e0_0 .var "id_ex_rs2_val_q", 31 0;
v0000027271740aa0_0 .net "id_funct3", 2 0, L_0000027271743a40;  1 drivers
v0000027271740280_0 .net "id_funct7", 6 0, L_0000027271742f00;  1 drivers
v0000027271741220_0 .net "id_imm", 31 0, v000002727173b650_0;  1 drivers
v0000027271740960_0 .net "id_jalr", 0 0, v00000272717390a0_0;  1 drivers
v0000027271740640_0 .net "id_jump", 0 0, v0000027271739140_0;  1 drivers
v0000027271740dc0_0 .net "id_lui", 0 0, v0000027271737980_0;  1 drivers
v000002727173fce0_0 .net "id_memread", 0 0, v00000272717391e0_0;  1 drivers
v0000027271740820_0 .net "id_memtoreg", 0 0, v0000027271738740_0;  1 drivers
v0000027271741680_0 .net "id_memwrite", 0 0, v0000027271737d40_0;  1 drivers
v0000027271741040_0 .net "id_opcode", 6 0, L_0000027271743680;  1 drivers
v000002727173fa60_0 .net "id_rd", 4 0, L_00000272717421e0;  1 drivers
v0000027271740e60_0 .net "id_regwrite", 0 0, v00000272717389c0_0;  1 drivers
v000002727173fb00_0 .net "id_rs1", 4 0, L_0000027271742e60;  1 drivers
v000002727173fba0_0 .net "id_rs1_val", 31 0, L_0000027271743b80;  1 drivers
v000002727173fc40_0 .net "id_rs2", 4 0, L_0000027271742dc0;  1 drivers
v00000272717408c0_0 .net "id_rs2_val", 31 0, L_0000027271742960;  1 drivers
v000002727173fd80_0 .net "id_uses_rs2", 0 0, L_000002727179fa80;  1 drivers
v0000027271740b40_0 .var "if_id_instr_q", 31 0;
v0000027271740be0_0 .var "if_id_pc_q", 31 0;
v0000027271740c80_0 .net "if_instr", 31 0, L_0000027271655dc0;  1 drivers
v0000027271742be0_0 .net "load_use_stall", 0 0, L_000002727179f930;  1 drivers
v0000027271743040_0 .net "mem_rdata", 31 0, v000002727173a390_0;  1 drivers
v0000027271742fa0_0 .var "mem_wb_alu_q", 31 0;
v00000272717430e0_0 .var "mem_wb_auipc_q", 0 0;
v00000272717434a0_0 .var "mem_wb_imm_q", 31 0;
v0000027271742780_0 .var "mem_wb_jump_q", 0 0;
v0000027271743d60_0 .var "mem_wb_lui_q", 0 0;
v0000027271742b40_0 .var "mem_wb_mem_q", 31 0;
v0000027271743180_0 .var "mem_wb_memtoreg_q", 0 0;
v00000272717425a0_0 .var "mem_wb_pc4_q", 31 0;
v0000027271743540_0 .var "mem_wb_pc_q", 31 0;
v0000027271743f40_0 .var "mem_wb_rd_q", 4 0;
v0000027271742c80_0 .var "mem_wb_regwrite_q", 0 0;
v00000272717432c0_0 .net "pc_plus4", 31 0, L_0000027271743360;  1 drivers
v00000272717437c0_0 .var "pc_q", 31 0;
v0000027271742d20_0 .net "rst", 0 0, v0000027271742a00_0;  1 drivers
v0000027271743220_0 .net "wb_auipc_val", 31 0, L_000002727179d400;  1 drivers
v00000272717435e0_0 .net "wb_rd", 4 0, L_000002727179fbd0;  1 drivers
v00000272717426e0_0 .net "wb_regwrite", 0 0, L_000002727179f690;  1 drivers
v0000027271742640_0 .net "wb_result", 31 0, L_000002727179fa10;  1 drivers
v0000027271743e00_0 .net "wb_wdata", 31 0, L_000002727179e940;  1 drivers
E_00000272716d7b80 .event anyedge, v0000027271740320_0, v0000027271737c00_0, v0000027271740460_0;
E_00000272716d78c0/0 .event anyedge, v000002727173a4d0_0, v000002727173f850_0, v0000027271742640_0, v0000027271741540_0;
E_00000272716d78c0/1 .event anyedge, v000002727173a6b0_0, v00000272717415e0_0;
E_00000272716d78c0 .event/or E_00000272716d78c0/0, E_00000272716d78c0/1;
L_0000027271743360 .arith/sum 32, v00000272717437c0_0, L_00000272717451b8;
L_0000027271742e60 .part v0000027271740b40_0, 15, 5;
L_0000027271742dc0 .part v0000027271740b40_0, 20, 5;
L_00000272717421e0 .part v0000027271740b40_0, 7, 5;
L_0000027271743a40 .part v0000027271740b40_0, 12, 3;
L_0000027271742f00 .part v0000027271740b40_0, 25, 7;
L_0000027271743680 .part v0000027271740b40_0, 0, 7;
L_000002727179d680 .cmp/eq 7, L_0000027271743680, L_0000027271745440;
L_000002727179e1c0 .cmp/eq 7, L_0000027271743680, L_0000027271745488;
L_000002727179ebc0 .cmp/eq 7, L_0000027271743680, L_00000272717454d0;
L_000002727179d540 .cmp/ne 5, v00000272717401e0_0, L_0000027271745518;
L_000002727179d4a0 .cmp/eq 5, v00000272717401e0_0, L_0000027271742e60;
L_000002727179dd60 .cmp/eq 5, v00000272717401e0_0, L_0000027271742dc0;
L_000002727179e080 .arith/sum 32, v000002727173e630_0, v000002727173de10_0;
L_000002727179d720 .functor MUXZ 32, v000002727173f030_0, L_000002727179e080, v000002727173edb0_0, C4<>;
L_000002727179d7c0 .functor MUXZ 32, L_000002727179d720, v000002727173de10_0, v000002727173e270_0, C4<>;
L_000002727179d5e0 .functor MUXZ 32, L_000002727179d7c0, v000002727173e590_0, v000002727173f0d0_0, C4<>;
L_000002727179df40 .functor MUXZ 32, v000002727173ee50_0, v0000027271741720_0, v0000027271740fa0_0, C4<>;
L_000002727179db80 .arith/sum 32, v00000272717414a0_0, L_00000272717455a8;
L_000002727179e9e0 .arith/sum 32, v00000272717414a0_0, v0000027271741720_0;
L_000002727179e760 .arith/sum 32, v00000272717414a0_0, v0000027271741720_0;
L_000002727179e8a0 .arith/sum 32, v000002727173e810_0, v0000027271741720_0;
L_000002727179d860 .functor MUXZ 32, L_000002727179e9e0, L_000002727179e760, v00000272717406e0_0, C4<>;
L_000002727179e120 .functor MUXZ 32, L_000002727179d860, L_000002727179fe00, v0000027271741360_0, C4<>;
L_000002727179d900 .functor MUXZ 32, L_0000027271743360, L_000002727179e120, L_00000272717a0d50, C4<>;
L_000002727179ed00 .functor MUXZ 3, L_0000027271745758, L_0000027271745710, v0000027271743180_0, C4<>;
L_000002727179ef80 .functor MUXZ 3, L_000002727179ed00, L_00000272717456c8, v00000272717430e0_0, C4<>;
L_000002727179da40 .functor MUXZ 3, L_000002727179ef80, L_0000027271745680, v0000027271743d60_0, C4<>;
L_000002727179ec60 .functor MUXZ 3, L_000002727179da40, L_0000027271745638, v0000027271742780_0, C4<>;
L_000002727179d400 .arith/sum 32, v0000027271743540_0, v00000272717434a0_0;
L_000002727179eb20 .functor MUXZ 32, v0000027271742fa0_0, v0000027271742b40_0, v0000027271743180_0, C4<>;
L_000002727179ea80 .functor MUXZ 32, L_000002727179eb20, L_000002727179d400, v00000272717430e0_0, C4<>;
L_000002727179dea0 .functor MUXZ 32, L_000002727179ea80, v00000272717434a0_0, v0000027271743d60_0, C4<>;
L_000002727179e940 .functor MUXZ 32, L_000002727179dea0, v00000272717425a0_0, v0000027271742780_0, C4<>;
S_000002727162f500 .scope module, "u_alu" "alu" 4 209, 5 1 0, S_00000272716e6be0;
 .timescale -9 -12;
    .port_info 0 /INPUT 32 "a";
    .port_info 1 /INPUT 32 "b";
    .port_info 2 /INPUT 4 "alu_ctrl";
    .port_info 3 /OUTPUT 32 "y";
    .port_info 4 /OUTPUT 1 "zero";
L_0000027271745560 .functor BUFT 1, C4<00000000000000000000000000000000>, C4<0>, C4<0>, C4<0>;
v0000027271642a80_0 .net/2u *"_ivl_0", 31 0, L_0000027271745560;  1 drivers
v0000027271738f60_0 .net "a", 31 0, v000002727173e810_0;  1 drivers
v0000027271738880_0 .net "alu_ctrl", 3 0, v000002727173ea90_0;  1 drivers
v0000027271737f20_0 .net "b", 31 0, L_000002727179df40;  alias, 1 drivers
v0000027271738ec0_0 .var "y", 31 0;
v0000027271739000_0 .net "zero", 0 0, L_000002727179eee0;  alias, 1 drivers
E_00000272716d7180 .event anyedge, v0000027271738880_0, v0000027271738f60_0, v0000027271737f20_0;
L_000002727179eee0 .cmp/eq 32, v0000027271738ec0_0, L_0000027271745560;
S_000002727162f690 .scope module, "u_bcmp" "branch_comp" 4 219, 6 1 0, S_00000272716e6be0;
 .timescale -9 -12;
    .port_info 0 /INPUT 32 "a";
    .port_info 1 /INPUT 32 "b";
    .port_info 2 /INPUT 3 "funct3";
    .port_info 3 /OUTPUT 1 "take";
v0000027271738e20_0 .net "a", 31 0, v000002727173e810_0;  alias, 1 drivers
v0000027271737fc0_0 .net "b", 31 0, v000002727173ee50_0;  1 drivers
v0000027271737c00_0 .net "funct3", 2 0, v0000027271740d20_0;  1 drivers
v0000027271739820_0 .var "take", 0 0;
E_00000272716d71c0 .event anyedge, v0000027271737c00_0, v0000027271738f60_0, v0000027271737fc0_0;
S_00000272715ea3a0 .scope module, "u_ctrl" "controller" 4 37, 7 1 0, S_00000272716e6be0;
 .timescale -9 -12;
    .port_info 0 /INPUT 32 "instr";
    .port_info 1 /OUTPUT 1 "regwrite";
    .port_info 2 /OUTPUT 1 "memread";
    .port_info 3 /OUTPUT 1 "memwrite";
    .port_info 4 /OUTPUT 1 "memtoreg";
    .port_info 5 /OUTPUT 2 "aluop";
    .port_info 6 /OUTPUT 1 "alusrc";
    .port_info 7 /OUTPUT 1 "branch";
    .port_info 8 /OUTPUT 1 "jump";
    .port_info 9 /OUTPUT 1 "jalr";
    .port_info 10 /OUTPUT 1 "lui";
    .port_info 11 /OUTPUT 1 "auipc";
v00000272717387e0_0 .var "aluop", 1 0;
v0000027271738920_0 .var "alusrc", 0 0;
v0000027271738d80_0 .var "auipc", 0 0;
v00000272717386a0_0 .var "branch", 0 0;
v00000272717382e0_0 .net "instr", 31 0, v0000027271740b40_0;  1 drivers
v00000272717390a0_0 .var "jalr", 0 0;
v0000027271739140_0 .var "jump", 0 0;
v0000027271737980_0 .var "lui", 0 0;
v00000272717391e0_0 .var "memread", 0 0;
v0000027271738740_0 .var "memtoreg", 0 0;
v0000027271737d40_0 .var "memwrite", 0 0;
v0000027271738c40_0 .net "opcode", 6 0, L_0000027271743400;  1 drivers
v00000272717389c0_0 .var "regwrite", 0 0;
E_00000272716d7580 .event anyedge, v0000027271738c40_0;
L_0000027271743400 .part v0000027271740b40_0, 0, 7;
S_00000272715ea530 .scope module, "u_dmem" "dmem" 4 277, 8 1 0, S_00000272716e6be0;
 .timescale -9 -12;
    .port_info 0 /INPUT 1 "clk";
    .port_info 1 /INPUT 1 "memread";
    .port_info 2 /INPUT 1 "memwrite";
    .port_info 3 /INPUT 3 "funct3";
    .port_info 4 /INPUT 32 "addr";
    .port_info 5 /INPUT 32 "wdata";
    .port_info 6 /OUTPUT 32 "rdata";
P_00000272716341c0 .param/l "DEPTH_WORDS" 0 8 2, +C4<00000000000000000000010000000000>;
P_00000272716341f8 .param/str "MEMFILE" 0 8 3, "mem/data_mem.hex";
L_00000272717a0c00 .functor BUFZ 32, v000002727173f030_0, C4<00000000000000000000000000000000>, C4<00000000000000000000000000000000>, C4<00000000000000000000000000000000>;
v0000027271737de0_0 .net *"_ivl_10", 7 0, L_000002727179d9a0;  1 drivers
v0000027271739280_0 .net *"_ivl_13", 29 0, L_000002727179de00;  1 drivers
L_00000272717457e8 .functor BUFT 1, C4<10>, C4<0>, C4<0>, C4<0>;
v0000027271739320_0 .net/2u *"_ivl_14", 1 0, L_00000272717457e8;  1 drivers
v0000027271738a60_0 .net *"_ivl_16", 31 0, L_000002727179dae0;  1 drivers
v00000272717393c0_0 .net *"_ivl_18", 7 0, L_000002727179e300;  1 drivers
v0000027271738ce0_0 .net *"_ivl_2", 7 0, L_000002727179eda0;  1 drivers
v0000027271737e80_0 .net *"_ivl_21", 29 0, L_000002727179e3a0;  1 drivers
L_0000027271745830 .functor BUFT 1, C4<01>, C4<0>, C4<0>, C4<0>;
v0000027271738b00_0 .net/2u *"_ivl_22", 1 0, L_0000027271745830;  1 drivers
v0000027271737ca0_0 .net *"_ivl_24", 31 0, L_000002727179d360;  1 drivers
v0000027271738ba0_0 .net *"_ivl_26", 7 0, L_000002727179e800;  1 drivers
v0000027271737a20_0 .net *"_ivl_29", 29 0, L_000002727179dc20;  1 drivers
L_0000027271745878 .functor BUFT 1, C4<00>, C4<0>, C4<0>, C4<0>;
v0000027271739460_0 .net/2u *"_ivl_30", 1 0, L_0000027271745878;  1 drivers
v0000027271738060_0 .net *"_ivl_32", 31 0, L_000002727179e580;  1 drivers
v0000027271738100_0 .net *"_ivl_5", 29 0, L_000002727179e260;  1 drivers
L_00000272717457a0 .functor BUFT 1, C4<11>, C4<0>, C4<0>, C4<0>;
v0000027271739500_0 .net/2u *"_ivl_6", 1 0, L_00000272717457a0;  1 drivers
v00000272717395a0_0 .net *"_ivl_8", 31 0, L_000002727179d220;  1 drivers
v0000027271738240_0 .net "a", 31 0, L_00000272717a0c00;  1 drivers
v00000272717381a0_0 .net "addr", 31 0, v000002727173f030_0;  1 drivers
v0000027271738380_0 .var "byte_buf", 31 0;
v0000027271739640_0 .net "clk", 0 0, v0000027271743ea0_0;  alias, 1 drivers
v00000272717396e0_0 .var/i "code", 31 0;
v0000027271739780_0 .var/i "fd", 31 0;
v0000027271738420_0 .net "funct3", 2 0, v000002727173f670_0;  1 drivers
v0000027271737ac0_0 .var/i "i", 31 0;
v0000027271737b60_0 .var/i "idx", 31 0;
v00000272717384c0 .array "mem", 4095 0, 7 0;
v0000027271738560_0 .net "memread", 0 0, v000002727173eb30_0;  1 drivers
v0000027271738600_0 .net "memwrite", 0 0, v000002727173e4f0_0;  1 drivers
v000002727173a390_0 .var "rdata", 31 0;
v0000027271739f30_0 .net "wdata", 31 0, v000002727173ec70_0;  1 drivers
v0000027271739fd0_0 .net "word", 31 0, L_000002727179dcc0;  1 drivers
E_00000272716d7c00 .event posedge, v0000027271739640_0;
E_00000272716d7c40 .event anyedge, v0000027271738560_0, v0000027271738420_0, v0000027271739fd0_0;
L_000002727179eda0 .array/port v00000272717384c0, L_000002727179d220;
L_000002727179e260 .part L_00000272717a0c00, 2, 30;
L_000002727179d220 .concat [ 2 30 0 0], L_00000272717457a0, L_000002727179e260;
L_000002727179d9a0 .array/port v00000272717384c0, L_000002727179dae0;
L_000002727179de00 .part L_00000272717a0c00, 2, 30;
L_000002727179dae0 .concat [ 2 30 0 0], L_00000272717457e8, L_000002727179de00;
L_000002727179e300 .array/port v00000272717384c0, L_000002727179d360;
L_000002727179e3a0 .part L_00000272717a0c00, 2, 30;
L_000002727179d360 .concat [ 2 30 0 0], L_0000027271745830, L_000002727179e3a0;
L_000002727179e800 .array/port v00000272717384c0, L_000002727179e580;
L_000002727179dc20 .part L_00000272717a0c00, 2, 30;
L_000002727179e580 .concat [ 2 30 0 0], L_0000027271745878, L_000002727179dc20;
L_000002727179dcc0 .concat [ 8 8 8 8], L_000002727179e800, L_000002727179e300, L_000002727179d9a0, L_000002727179eda0;
S_00000272715dd3e0 .scope module, "u_fwd" "forwarding_unit" 4 133, 9 1 0, S_00000272716e6be0;
 .timescale -9 -12;
    .port_info 0 /INPUT 5 "id_ex_rs1";
    .port_info 1 /INPUT 5 "id_ex_rs2";
    .port_info 2 /INPUT 5 "ex_mem_rd";
    .port_info 3 /INPUT 1 "ex_mem_regwrite";
    .port_info 4 /INPUT 1 "ex_mem_memtoreg";
    .port_info 5 /INPUT 5 "mem_wb_rd";
    .port_info 6 /INPUT 1 "mem_wb_regwrite";
    .port_info 7 /OUTPUT 2 "forward_a";
    .port_info 8 /OUTPUT 2 "forward_b";
v000002727173a430_0 .net "ex_mem_memtoreg", 0 0, v000002727173e3b0_0;  1 drivers
v0000027271739e90_0 .net "ex_mem_rd", 4 0, v000002727173e6d0_0;  1 drivers
v000002727173a110_0 .net "ex_mem_regwrite", 0 0, v000002727173e770_0;  1 drivers
v000002727173a4d0_0 .var "forward_a", 1 0;
v000002727173a6b0_0 .var "forward_b", 1 0;
v0000027271739990_0 .net "id_ex_rs1", 4 0, v00000272717400a0_0;  1 drivers
v000002727173b470_0 .net "id_ex_rs2", 4 0, v00000272717405a0_0;  1 drivers
v000002727173b290_0 .net "mem_wb_rd", 4 0, v0000027271743f40_0;  1 drivers
v000002727173a570_0 .net "mem_wb_regwrite", 0 0, v0000027271742c80_0;  1 drivers
E_00000272716d7a40/0 .event anyedge, v000002727173a110_0, v000002727173a430_0, v0000027271739e90_0, v0000027271739990_0;
E_00000272716d7a40/1 .event anyedge, v000002727173a570_0, v000002727173b290_0, v000002727173b470_0;
E_00000272716d7a40 .event/or E_00000272716d7a40/0, E_00000272716d7a40/1;
S_00000272715dd570 .scope module, "u_imem" "imem" 4 14, 10 1 0, S_00000272716e6be0;
 .timescale -9 -12;
    .port_info 0 /INPUT 32 "addr";
    .port_info 1 /OUTPUT 32 "rdata";
P_0000027271633840 .param/l "DEPTH_WORDS" 0 10 2, +C4<00000000000000000000010000000000>;
P_0000027271633878 .param/str "MEMFILE" 0 10 3, "mem/instr_mem.hex";
L_0000027271655dc0 .functor BUFZ 32, L_0000027271742aa0, C4<00000000000000000000000000000000>, C4<00000000000000000000000000000000>, C4<00000000000000000000000000000000>;
v000002727173acf0_0 .net *"_ivl_0", 31 0, L_0000027271742aa0;  1 drivers
v000002727173a610_0 .net *"_ivl_3", 29 0, L_0000027271742820;  1 drivers
v000002727173b5b0_0 .net "addr", 31 0, v00000272717437c0_0;  1 drivers
v000002727173a890_0 .var/i "code", 31 0;
v000002727173a750_0 .var/i "fd", 31 0;
v000002727173b510_0 .var/i "i", 31 0;
v000002727173a1b0_0 .var/i "idx", 31 0;
v000002727173a7f0 .array "mem", 1023 0, 31 0;
v000002727173a070_0 .net "rdata", 31 0, L_0000027271655dc0;  alias, 1 drivers
v000002727173af70_0 .var "word_buf", 31 0;
L_0000027271742aa0 .array/port v000002727173a7f0, L_0000027271742820;
L_0000027271742820 .part v00000272717437c0_0, 2, 30;
S_00000272715e1dc0 .scope module, "u_imm" "imm_gen" 4 53, 11 1 0, S_00000272716e6be0;
 .timescale -9 -12;
    .port_info 0 /INPUT 32 "instr";
    .port_info 1 /OUTPUT 32 "imm";
v000002727173b650_0 .var "imm", 31 0;
v000002727173a2f0_0 .net "instr", 31 0, v0000027271740b40_0;  alias, 1 drivers
v0000027271739a30_0 .net "opcode", 6 0, L_0000027271743720;  1 drivers
E_00000272716d8300 .event anyedge, v0000027271739a30_0, v00000272717382e0_0;
L_0000027271743720 .part v0000027271740b40_0, 0, 7;
S_00000272715e1f50 .scope module, "u_rf" "regfile" 4 64, 12 1 0, S_00000272716e6be0;
 .timescale -9 -12;
    .port_info 0 /INPUT 1 "clk";
    .port_info 1 /INPUT 1 "we";
    .port_info 2 /INPUT 5 "ra1";
    .port_info 3 /INPUT 5 "ra2";
    .port_info 4 /INPUT 5 "wa";
    .port_info 5 /INPUT 32 "wd";
    .port_info 6 /OUTPUT 32 "rd1";
    .port_info 7 /OUTPUT 32 "rd2";
L_0000027271655ff0 .functor AND 1, L_000002727179f690, L_0000027271742460, C4<1>, C4<1>;
L_0000027271656300 .functor AND 1, L_0000027271655ff0, L_0000027271742280, C4<1>, C4<1>;
L_00000272715b9b40 .functor AND 1, L_000002727179f690, L_0000027271743c20, C4<1>, C4<1>;
L_000002727161c2a0 .functor AND 1, L_00000272715b9b40, L_0000027271743cc0, C4<1>, C4<1>;
L_0000027271745200 .functor BUFT 1, C4<00000>, C4<0>, C4<0>, C4<0>;
v000002727173b010_0 .net/2u *"_ivl_0", 4 0, L_0000027271745200;  1 drivers
v000002727173ae30_0 .net *"_ivl_11", 0 0, L_0000027271655ff0;  1 drivers
v000002727173b6f0_0 .net *"_ivl_12", 0 0, L_0000027271742280;  1 drivers
v000002727173b790_0 .net *"_ivl_15", 0 0, L_0000027271656300;  1 drivers
v000002727173a930_0 .net *"_ivl_16", 31 0, L_0000027271743ae0;  1 drivers
v0000027271739ad0_0 .net *"_ivl_18", 6 0, L_0000027271743900;  1 drivers
v000002727173a9d0_0 .net *"_ivl_2", 0 0, L_0000027271743860;  1 drivers
L_00000272717452d8 .functor BUFT 1, C4<00>, C4<0>, C4<0>, C4<0>;
v000002727173a250_0 .net *"_ivl_21", 1 0, L_00000272717452d8;  1 drivers
v000002727173b830_0 .net *"_ivl_22", 31 0, L_00000272717439a0;  1 drivers
L_0000027271745320 .functor BUFT 1, C4<00000>, C4<0>, C4<0>, C4<0>;
v000002727173ac50_0 .net/2u *"_ivl_26", 4 0, L_0000027271745320;  1 drivers
v000002727173b150_0 .net *"_ivl_28", 0 0, L_00000272717428c0;  1 drivers
L_0000027271745368 .functor BUFT 1, C4<00000000000000000000000000000000>, C4<0>, C4<0>, C4<0>;
v000002727173aa70_0 .net/2u *"_ivl_30", 31 0, L_0000027271745368;  1 drivers
L_00000272717453b0 .functor BUFT 1, C4<00000>, C4<0>, C4<0>, C4<0>;
v000002727173ab10_0 .net/2u *"_ivl_32", 4 0, L_00000272717453b0;  1 drivers
v000002727173aed0_0 .net *"_ivl_34", 0 0, L_0000027271743c20;  1 drivers
v0000027271739b70_0 .net *"_ivl_37", 0 0, L_00000272715b9b40;  1 drivers
v000002727173b0b0_0 .net *"_ivl_38", 0 0, L_0000027271743cc0;  1 drivers
L_0000027271745248 .functor BUFT 1, C4<00000000000000000000000000000000>, C4<0>, C4<0>, C4<0>;
v0000027271739cb0_0 .net/2u *"_ivl_4", 31 0, L_0000027271745248;  1 drivers
v000002727173b1f0_0 .net *"_ivl_41", 0 0, L_000002727161c2a0;  1 drivers
v0000027271739c10_0 .net *"_ivl_42", 31 0, L_0000027271742320;  1 drivers
v0000027271739df0_0 .net *"_ivl_44", 6 0, L_00000272717423c0;  1 drivers
L_00000272717453f8 .functor BUFT 1, C4<00>, C4<0>, C4<0>, C4<0>;
v000002727173abb0_0 .net *"_ivl_47", 1 0, L_00000272717453f8;  1 drivers
v000002727173b330_0 .net *"_ivl_48", 31 0, L_0000027271742500;  1 drivers
L_0000027271745290 .functor BUFT 1, C4<00000>, C4<0>, C4<0>, C4<0>;
v000002727173b3d0_0 .net/2u *"_ivl_6", 4 0, L_0000027271745290;  1 drivers
v000002727173ad90_0 .net *"_ivl_8", 0 0, L_0000027271742460;  1 drivers
v000002727173bc20_0 .net "clk", 0 0, v0000027271743ea0_0;  alias, 1 drivers
v000002727173d160_0 .var/i "i", 31 0;
v000002727173d660_0 .net "ra1", 4 0, L_0000027271742e60;  alias, 1 drivers
v000002727173d020_0 .net "ra2", 4 0, L_0000027271742dc0;  alias, 1 drivers
v000002727173bd60_0 .net "rd1", 31 0, L_0000027271743b80;  alias, 1 drivers
v000002727173d7a0_0 .net "rd2", 31 0, L_0000027271742960;  alias, 1 drivers
v000002727173ce40 .array "regs", 31 0, 31 0;
v000002727173c620_0 .net "wa", 4 0, L_000002727179fbd0;  alias, 1 drivers
v000002727173c580_0 .net "wd", 31 0, L_000002727179e940;  alias, 1 drivers
v000002727173d840_0 .net "we", 0 0, L_000002727179f690;  alias, 1 drivers
L_0000027271743860 .cmp/eq 5, L_0000027271742e60, L_0000027271745200;
L_0000027271742460 .cmp/ne 5, L_000002727179fbd0, L_0000027271745290;
L_0000027271742280 .cmp/eq 5, L_000002727179fbd0, L_0000027271742e60;
L_0000027271743ae0 .array/port v000002727173ce40, L_0000027271743900;
L_0000027271743900 .concat [ 5 2 0 0], L_0000027271742e60, L_00000272717452d8;
L_00000272717439a0 .functor MUXZ 32, L_0000027271743ae0, L_000002727179e940, L_0000027271656300, C4<>;
L_0000027271743b80 .functor MUXZ 32, L_00000272717439a0, L_0000027271745248, L_0000027271743860, C4<>;
L_00000272717428c0 .cmp/eq 5, L_0000027271742dc0, L_0000027271745320;
L_0000027271743c20 .cmp/ne 5, L_000002727179fbd0, L_00000272717453b0;
L_0000027271743cc0 .cmp/eq 5, L_000002727179fbd0, L_0000027271742dc0;
L_0000027271742320 .array/port v000002727173ce40, L_00000272717423c0;
L_00000272717423c0 .concat [ 5 2 0 0], L_0000027271742dc0, L_00000272717453f8;
L_0000027271742500 .functor MUXZ 32, L_0000027271742320, L_000002727179e940, L_000002727161c2a0, C4<>;
L_0000027271742960 .functor MUXZ 32, L_0000027271742500, L_0000027271745368, L_00000272717428c0, C4<>;
    .scope S_00000272715dd570;
T_0 ;
    %pushi/vec4 0, 0, 32;
    %store/vec4 v000002727173b510_0, 0, 32;
T_0.0 ;
    %load/vec4 v000002727173b510_0;
    %cmpi/s 1024, 0, 32;
    %jmp/0xz T_0.1, 5;
    %pushi/vec4 19, 0, 32;
    %ix/getv/s 4, v000002727173b510_0;
    %store/vec4a v000002727173a7f0, 4, 0;
    %load/vec4 v000002727173b510_0;
    %addi 1, 0, 32;
    %store/vec4 v000002727173b510_0, 0, 32;
    %jmp T_0.0;
T_0.1 ;
    %vpi_func 10 19 "$fopen" 32, P_0000027271633878, "r" {0 0 0};
    %store/vec4 v000002727173a750_0, 0, 32;
    %load/vec4 v000002727173a750_0;
    %cmpi/ne 0, 0, 32;
    %jmp/0xz  T_0.2, 4;
    %pushi/vec4 0, 0, 32;
    %store/vec4 v000002727173a1b0_0, 0, 32;
T_0.4 ;
    %vpi_func 10 22 "$feof" 32, v000002727173a750_0 {0 0 0};
    %nor/r;
    %flag_set/vec4 9;
    %flag_get/vec4 9;
    %jmp/0 T_0.6, 9;
    %load/vec4 v000002727173a1b0_0;
    %cmpi/s 1024, 0, 32;
    %flag_get/vec4 5;
    %and;
T_0.6;
    %flag_set/vec4 8;
    %jmp/0xz T_0.5, 8;
    %vpi_func 10 23 "$fscanf" 32, v000002727173a750_0, "%h\012", v000002727173af70_0 {0 0 0};
    %store/vec4 v000002727173a890_0, 0, 32;
    %load/vec4 v000002727173a890_0;
    %cmpi/e 1, 0, 32;
    %jmp/0xz  T_0.7, 4;
    %load/vec4 v000002727173af70_0;
    %ix/getv/s 4, v000002727173a1b0_0;
    %store/vec4a v000002727173a7f0, 4, 0;
    %load/vec4 v000002727173a1b0_0;
    %addi 1, 0, 32;
    %store/vec4 v000002727173a1b0_0, 0, 32;
    %jmp T_0.8;
T_0.7 ;
    %vpi_func 10 28 "$fgetc" 32, v000002727173a750_0 {0 0 0};
    %store/vec4 v000002727173a890_0, 0, 32;
T_0.8 ;
    %jmp T_0.4;
T_0.5 ;
    %vpi_call/w 10 31 "$fclose", v000002727173a750_0 {0 0 0};
T_0.2 ;
    %end;
    .thread T_0;
    .scope S_00000272715ea3a0;
T_1 ;
    %wait E_00000272716d7580;
    %pushi/vec4 0, 0, 1;
    %store/vec4 v00000272717389c0_0, 0, 1;
    %pushi/vec4 0, 0, 1;
    %store/vec4 v00000272717391e0_0, 0, 1;
    %pushi/vec4 0, 0, 1;
    %store/vec4 v0000027271737d40_0, 0, 1;
    %pushi/vec4 0, 0, 1;
    %store/vec4 v0000027271738740_0, 0, 1;
    %pushi/vec4 0, 0, 2;
    %store/vec4 v00000272717387e0_0, 0, 2;
    %pushi/vec4 0, 0, 1;
    %store/vec4 v0000027271738920_0, 0, 1;
    %pushi/vec4 0, 0, 1;
    %store/vec4 v00000272717386a0_0, 0, 1;
    %pushi/vec4 0, 0, 1;
    %store/vec4 v0000027271739140_0, 0, 1;
    %pushi/vec4 0, 0, 1;
    %store/vec4 v00000272717390a0_0, 0, 1;
    %pushi/vec4 0, 0, 1;
    %store/vec4 v0000027271737980_0, 0, 1;
    %pushi/vec4 0, 0, 1;
    %store/vec4 v0000027271738d80_0, 0, 1;
    %load/vec4 v0000027271738c40_0;
    %dup/vec4;
    %pushi/vec4 51, 0, 7;
    %cmp/u;
    %jmp/1 T_1.0, 6;
    %dup/vec4;
    %pushi/vec4 19, 0, 7;
    %cmp/u;
    %jmp/1 T_1.1, 6;
    %dup/vec4;
    %pushi/vec4 3, 0, 7;
    %cmp/u;
    %jmp/1 T_1.2, 6;
    %dup/vec4;
    %pushi/vec4 35, 0, 7;
    %cmp/u;
    %jmp/1 T_1.3, 6;
    %dup/vec4;
    %pushi/vec4 99, 0, 7;
    %cmp/u;
    %jmp/1 T_1.4, 6;
    %dup/vec4;
    %pushi/vec4 111, 0, 7;
    %cmp/u;
    %jmp/1 T_1.5, 6;
    %dup/vec4;
    %pushi/vec4 103, 0, 7;
    %cmp/u;
    %jmp/1 T_1.6, 6;
    %dup/vec4;
    %pushi/vec4 55, 0, 7;
    %cmp/u;
    %jmp/1 T_1.7, 6;
    %dup/vec4;
    %pushi/vec4 23, 0, 7;
    %cmp/u;
    %jmp/1 T_1.8, 6;
    %jmp T_1.10;
T_1.0 ;
    %pushi/vec4 1, 0, 1;
    %store/vec4 v00000272717389c0_0, 0, 1;
    %pushi/vec4 2, 0, 2;
    %store/vec4 v00000272717387e0_0, 0, 2;
    %pushi/vec4 0, 0, 1;
    %store/vec4 v0000027271738920_0, 0, 1;
    %jmp T_1.10;
T_1.1 ;
    %pushi/vec4 1, 0, 1;
    %store/vec4 v00000272717389c0_0, 0, 1;
    %pushi/vec4 3, 0, 2;
    %store/vec4 v00000272717387e0_0, 0, 2;
    %pushi/vec4 1, 0, 1;
    %store/vec4 v0000027271738920_0, 0, 1;
    %jmp T_1.10;
T_1.2 ;
    %pushi/vec4 1, 0, 1;
    %store/vec4 v00000272717389c0_0, 0, 1;
    %pushi/vec4 1, 0, 1;
    %store/vec4 v00000272717391e0_0, 0, 1;
    %pushi/vec4 1, 0, 1;
    %store/vec4 v0000027271738740_0, 0, 1;
    %pushi/vec4 0, 0, 2;
    %store/vec4 v00000272717387e0_0, 0, 2;
    %pushi/vec4 1, 0, 1;
    %store/vec4 v0000027271738920_0, 0, 1;
    %jmp T_1.10;
T_1.3 ;
    %pushi/vec4 1, 0, 1;
    %store/vec4 v0000027271737d40_0, 0, 1;
    %pushi/vec4 0, 0, 2;
    %store/vec4 v00000272717387e0_0, 0, 2;
    %pushi/vec4 1, 0, 1;
    %store/vec4 v0000027271738920_0, 0, 1;
    %jmp T_1.10;
T_1.4 ;
    %pushi/vec4 1, 0, 1;
    %store/vec4 v00000272717386a0_0, 0, 1;
    %pushi/vec4 1, 0, 2;
    %store/vec4 v00000272717387e0_0, 0, 2;
    %pushi/vec4 0, 0, 1;
    %store/vec4 v0000027271738920_0, 0, 1;
    %jmp T_1.10;
T_1.5 ;
    %pushi/vec4 1, 0, 1;
    %store/vec4 v0000027271739140_0, 0, 1;
    %pushi/vec4 1, 0, 1;
    %store/vec4 v00000272717389c0_0, 0, 1;
    %jmp T_1.10;
T_1.6 ;
    %pushi/vec4 1, 0, 1;
    %store/vec4 v0000027271739140_0, 0, 1;
    %pushi/vec4 1, 0, 1;
    %store/vec4 v00000272717390a0_0, 0, 1;
    %pushi/vec4 1, 0, 1;
    %store/vec4 v00000272717389c0_0, 0, 1;
    %pushi/vec4 1, 0, 1;
    %store/vec4 v0000027271738920_0, 0, 1;
    %pushi/vec4 0, 0, 2;
    %store/vec4 v00000272717387e0_0, 0, 2;
    %jmp T_1.10;
T_1.7 ;
    %pushi/vec4 1, 0, 1;
    %store/vec4 v0000027271737980_0, 0, 1;
    %pushi/vec4 1, 0, 1;
    %store/vec4 v00000272717389c0_0, 0, 1;
    %jmp T_1.10;
T_1.8 ;
    %pushi/vec4 1, 0, 1;
    %store/vec4 v0000027271738d80_0, 0, 1;
    %pushi/vec4 1, 0, 1;
    %store/vec4 v00000272717389c0_0, 0, 1;
    %jmp T_1.10;
T_1.10 ;
    %pop/vec4 1;
    %jmp T_1;
    .thread T_1, $push;
    .scope S_00000272715e1dc0;
T_2 ;
    %wait E_00000272716d8300;
    %load/vec4 v0000027271739a30_0;
    %dup/vec4;
    %pushi/vec4 19, 0, 7;
    %cmp/u;
    %jmp/1 T_2.0, 6;
    %dup/vec4;
    %pushi/vec4 3, 0, 7;
    %cmp/u;
    %jmp/1 T_2.1, 6;
    %dup/vec4;
    %pushi/vec4 103, 0, 7;
    %cmp/u;
    %jmp/1 T_2.2, 6;
    %dup/vec4;
    %pushi/vec4 115, 0, 7;
    %cmp/u;
    %jmp/1 T_2.3, 6;
    %dup/vec4;
    %pushi/vec4 35, 0, 7;
    %cmp/u;
    %jmp/1 T_2.4, 6;
    %dup/vec4;
    %pushi/vec4 99, 0, 7;
    %cmp/u;
    %jmp/1 T_2.5, 6;
    %dup/vec4;
    %pushi/vec4 55, 0, 7;
    %cmp/u;
    %jmp/1 T_2.6, 6;
    %dup/vec4;
    %pushi/vec4 23, 0, 7;
    %cmp/u;
    %jmp/1 T_2.7, 6;
    %dup/vec4;
    %pushi/vec4 111, 0, 7;
    %cmp/u;
    %jmp/1 T_2.8, 6;
    %pushi/vec4 0, 0, 32;
    %store/vec4 v000002727173b650_0, 0, 32;
    %jmp T_2.10;
T_2.0 ;
    %load/vec4 v000002727173a2f0_0;
    %parti/s 1, 31, 6;
    %replicate 20;
    %load/vec4 v000002727173a2f0_0;
    %parti/s 12, 20, 6;
    %concat/vec4; draw_concat_vec4
    %store/vec4 v000002727173b650_0, 0, 32;
    %jmp T_2.10;
T_2.1 ;
    %load/vec4 v000002727173a2f0_0;
    %parti/s 1, 31, 6;
    %replicate 20;
    %load/vec4 v000002727173a2f0_0;
    %parti/s 12, 20, 6;
    %concat/vec4; draw_concat_vec4
    %store/vec4 v000002727173b650_0, 0, 32;
    %jmp T_2.10;
T_2.2 ;
    %load/vec4 v000002727173a2f0_0;
    %parti/s 1, 31, 6;
    %replicate 20;
    %load/vec4 v000002727173a2f0_0;
    %parti/s 12, 20, 6;
    %concat/vec4; draw_concat_vec4
    %store/vec4 v000002727173b650_0, 0, 32;
    %jmp T_2.10;
T_2.3 ;
    %load/vec4 v000002727173a2f0_0;
    %parti/s 1, 31, 6;
    %replicate 20;
    %load/vec4 v000002727173a2f0_0;
    %parti/s 12, 20, 6;
    %concat/vec4; draw_concat_vec4
    %store/vec4 v000002727173b650_0, 0, 32;
    %jmp T_2.10;
T_2.4 ;
    %load/vec4 v000002727173a2f0_0;
    %parti/s 1, 31, 6;
    %replicate 20;
    %load/vec4 v000002727173a2f0_0;
    %parti/s 7, 25, 6;
    %concat/vec4; draw_concat_vec4
    %load/vec4 v000002727173a2f0_0;
    %parti/s 5, 7, 4;
    %concat/vec4; draw_concat_vec4
    %store/vec4 v000002727173b650_0, 0, 32;
    %jmp T_2.10;
T_2.5 ;
    %load/vec4 v000002727173a2f0_0;
    %parti/s 1, 31, 6;
    %replicate 19;
    %load/vec4 v000002727173a2f0_0;
    %parti/s 1, 31, 6;
    %concat/vec4; draw_concat_vec4
    %load/vec4 v000002727173a2f0_0;
    %parti/s 1, 7, 4;
    %concat/vec4; draw_concat_vec4
    %load/vec4 v000002727173a2f0_0;
    %parti/s 6, 25, 6;
    %concat/vec4; draw_concat_vec4
    %load/vec4 v000002727173a2f0_0;
    %parti/s 4, 8, 5;
    %concat/vec4; draw_concat_vec4
    %concati/vec4 0, 0, 1;
    %store/vec4 v000002727173b650_0, 0, 32;
    %jmp T_2.10;
T_2.6 ;
    %load/vec4 v000002727173a2f0_0;
    %parti/s 20, 12, 5;
    %concati/vec4 0, 0, 12;
    %store/vec4 v000002727173b650_0, 0, 32;
    %jmp T_2.10;
T_2.7 ;
    %load/vec4 v000002727173a2f0_0;
    %parti/s 20, 12, 5;
    %concati/vec4 0, 0, 12;
    %store/vec4 v000002727173b650_0, 0, 32;
    %jmp T_2.10;
T_2.8 ;
    %load/vec4 v000002727173a2f0_0;
    %parti/s 1, 31, 6;
    %replicate 11;
    %load/vec4 v000002727173a2f0_0;
    %parti/s 1, 31, 6;
    %concat/vec4; draw_concat_vec4
    %load/vec4 v000002727173a2f0_0;
    %parti/s 8, 12, 5;
    %concat/vec4; draw_concat_vec4
    %load/vec4 v000002727173a2f0_0;
    %parti/s 1, 20, 6;
    %concat/vec4; draw_concat_vec4
    %load/vec4 v000002727173a2f0_0;
    %parti/s 10, 21, 6;
    %concat/vec4; draw_concat_vec4
    %concati/vec4 0, 0, 1;
    %store/vec4 v000002727173b650_0, 0, 32;
    %jmp T_2.10;
T_2.10 ;
    %pop/vec4 1;
    %jmp T_2;
    .thread T_2, $push;
    .scope S_00000272715e1f50;
T_3 ;
    %pushi/vec4 0, 0, 32;
    %store/vec4 v000002727173d160_0, 0, 32;
T_3.0 ;
    %load/vec4 v000002727173d160_0;
    %cmpi/s 32, 0, 32;
    %jmp/0xz T_3.1, 5;
    %pushi/vec4 0, 0, 32;
    %ix/getv/s 4, v000002727173d160_0;
    %store/vec4a v000002727173ce40, 4, 0;
    %load/vec4 v000002727173d160_0;
    %addi 1, 0, 32;
    %store/vec4 v000002727173d160_0, 0, 32;
    %jmp T_3.0;
T_3.1 ;
    %end;
    .thread T_3;
    .scope S_00000272715e1f50;
T_4 ;
    %wait E_00000272716d7c00;
    %load/vec4 v000002727173d840_0;
    %flag_set/vec4 9;
    %flag_get/vec4 9;
    %jmp/0 T_4.2, 9;
    %load/vec4 v000002727173c620_0;
    %pushi/vec4 0, 0, 5;
    %cmp/ne;
    %flag_get/vec4 4;
    %and;
T_4.2;
    %flag_set/vec4 8;
    %jmp/0xz  T_4.0, 8;
    %load/vec4 v000002727173c580_0;
    %load/vec4 v000002727173c620_0;
    %pad/u 7;
    %ix/vec4 3;
    %ix/load 4, 0, 0; Constant delay
    %assign/vec4/a/d v000002727173ce40, 0, 4;
T_4.0 ;
    %jmp T_4;
    .thread T_4;
    .scope S_00000272715dd3e0;
T_5 ;
    %wait E_00000272716d7a40;
    %pushi/vec4 0, 0, 2;
    %store/vec4 v000002727173a4d0_0, 0, 2;
    %pushi/vec4 0, 0, 2;
    %store/vec4 v000002727173a6b0_0, 0, 2;
    %load/vec4 v000002727173a110_0;
    %flag_set/vec4 11;
    %flag_get/vec4 11;
    %jmp/0 T_5.4, 11;
    %load/vec4 v000002727173a430_0;
    %nor/r;
    %and;
T_5.4;
    %flag_set/vec4 10;
    %flag_get/vec4 10;
    %jmp/0 T_5.3, 10;
    %load/vec4 v0000027271739e90_0;
    %pushi/vec4 0, 0, 5;
    %cmp/ne;
    %flag_get/vec4 4;
    %and;
T_5.3;
    %flag_set/vec4 9;
    %flag_get/vec4 9;
    %jmp/0 T_5.2, 9;
    %load/vec4 v0000027271739e90_0;
    %load/vec4 v0000027271739990_0;
    %cmp/e;
    %flag_get/vec4 4;
    %and;
T_5.2;
    %flag_set/vec4 8;
    %jmp/0xz  T_5.0, 8;
    %pushi/vec4 2, 0, 2;
    %store/vec4 v000002727173a4d0_0, 0, 2;
    %jmp T_5.1;
T_5.0 ;
    %load/vec4 v000002727173a570_0;
    %flag_set/vec4 10;
    %flag_get/vec4 10;
    %jmp/0 T_5.8, 10;
    %load/vec4 v000002727173b290_0;
    %pushi/vec4 0, 0, 5;
    %cmp/ne;
    %flag_get/vec4 4;
    %and;
T_5.8;
    %flag_set/vec4 9;
    %flag_get/vec4 9;
    %jmp/0 T_5.7, 9;
    %load/vec4 v000002727173b290_0;
    %load/vec4 v0000027271739990_0;
    %cmp/e;
    %flag_get/vec4 4;
    %and;
T_5.7;
    %flag_set/vec4 8;
    %jmp/0xz  T_5.5, 8;
    %pushi/vec4 1, 0, 2;
    %store/vec4 v000002727173a4d0_0, 0, 2;
T_5.5 ;
T_5.1 ;
    %load/vec4 v000002727173a110_0;
    %flag_set/vec4 11;
    %flag_get/vec4 11;
    %jmp/0 T_5.13, 11;
    %load/vec4 v000002727173a430_0;
    %nor/r;
    %and;
T_5.13;
    %flag_set/vec4 10;
    %flag_get/vec4 10;
    %jmp/0 T_5.12, 10;
    %load/vec4 v0000027271739e90_0;
    %pushi/vec4 0, 0, 5;
    %cmp/ne;
    %flag_get/vec4 4;
    %and;
T_5.12;
    %flag_set/vec4 9;
    %flag_get/vec4 9;
    %jmp/0 T_5.11, 9;
    %load/vec4 v0000027271739e90_0;
    %load/vec4 v000002727173b470_0;
    %cmp/e;
    %flag_get/vec4 4;
    %and;
T_5.11;
    %flag_set/vec4 8;
    %jmp/0xz  T_5.9, 8;
    %pushi/vec4 2, 0, 2;
    %store/vec4 v000002727173a6b0_0, 0, 2;
    %jmp T_5.10;
T_5.9 ;
    %load/vec4 v000002727173a570_0;
    %flag_set/vec4 10;
    %flag_get/vec4 10;
    %jmp/0 T_5.17, 10;
    %load/vec4 v000002727173b290_0;
    %pushi/vec4 0, 0, 5;
    %cmp/ne;
    %flag_get/vec4 4;
    %and;
T_5.17;
    %flag_set/vec4 9;
    %flag_get/vec4 9;
    %jmp/0 T_5.16, 9;
    %load/vec4 v000002727173b290_0;
    %load/vec4 v000002727173b470_0;
    %cmp/e;
    %flag_get/vec4 4;
    %and;
T_5.16;
    %flag_set/vec4 8;
    %jmp/0xz  T_5.14, 8;
    %pushi/vec4 1, 0, 2;
    %store/vec4 v000002727173a6b0_0, 0, 2;
T_5.14 ;
T_5.10 ;
    %jmp T_5;
    .thread T_5, $push;
    .scope S_000002727162f500;
T_6 ;
    %wait E_00000272716d7180;
    %load/vec4 v0000027271738880_0;
    %dup/vec4;
    %pushi/vec4 0, 0, 4;
    %cmp/u;
    %jmp/1 T_6.0, 6;
    %dup/vec4;
    %pushi/vec4 1, 0, 4;
    %cmp/u;
    %jmp/1 T_6.1, 6;
    %dup/vec4;
    %pushi/vec4 2, 0, 4;
    %cmp/u;
    %jmp/1 T_6.2, 6;
    %dup/vec4;
    %pushi/vec4 3, 0, 4;
    %cmp/u;
    %jmp/1 T_6.3, 6;
    %dup/vec4;
    %pushi/vec4 4, 0, 4;
    %cmp/u;
    %jmp/1 T_6.4, 6;
    %dup/vec4;
    %pushi/vec4 5, 0, 4;
    %cmp/u;
    %jmp/1 T_6.5, 6;
    %dup/vec4;
    %pushi/vec4 6, 0, 4;
    %cmp/u;
    %jmp/1 T_6.6, 6;
    %dup/vec4;
    %pushi/vec4 7, 0, 4;
    %cmp/u;
    %jmp/1 T_6.7, 6;
    %dup/vec4;
    %pushi/vec4 8, 0, 4;
    %cmp/u;
    %jmp/1 T_6.8, 6;
    %dup/vec4;
    %pushi/vec4 9, 0, 4;
    %cmp/u;
    %jmp/1 T_6.9, 6;
    %pushi/vec4 0, 0, 32;
    %store/vec4 v0000027271738ec0_0, 0, 32;
    %jmp T_6.11;
T_6.0 ;
    %load/vec4 v0000027271738f60_0;
    %load/vec4 v0000027271737f20_0;
    %add;
    %store/vec4 v0000027271738ec0_0, 0, 32;
    %jmp T_6.11;
T_6.1 ;
    %load/vec4 v0000027271738f60_0;
    %load/vec4 v0000027271737f20_0;
    %sub;
    %store/vec4 v0000027271738ec0_0, 0, 32;
    %jmp T_6.11;
T_6.2 ;
    %load/vec4 v0000027271738f60_0;
    %load/vec4 v0000027271737f20_0;
    %and;
    %store/vec4 v0000027271738ec0_0, 0, 32;
    %jmp T_6.11;
T_6.3 ;
    %load/vec4 v0000027271738f60_0;
    %load/vec4 v0000027271737f20_0;
    %or;
    %store/vec4 v0000027271738ec0_0, 0, 32;
    %jmp T_6.11;
T_6.4 ;
    %load/vec4 v0000027271738f60_0;
    %load/vec4 v0000027271737f20_0;
    %xor;
    %store/vec4 v0000027271738ec0_0, 0, 32;
    %jmp T_6.11;
T_6.5 ;
    %load/vec4 v0000027271738f60_0;
    %load/vec4 v0000027271737f20_0;
    %parti/s 5, 0, 2;
    %ix/vec4 4;
    %shiftl 4;
    %store/vec4 v0000027271738ec0_0, 0, 32;
    %jmp T_6.11;
T_6.6 ;
    %load/vec4 v0000027271738f60_0;
    %load/vec4 v0000027271737f20_0;
    %parti/s 5, 0, 2;
    %ix/vec4 4;
    %shiftr 4;
    %store/vec4 v0000027271738ec0_0, 0, 32;
    %jmp T_6.11;
T_6.7 ;
    %load/vec4 v0000027271738f60_0;
    %load/vec4 v0000027271737f20_0;
    %parti/s 5, 0, 2;
    %ix/vec4 4;
    %shiftr/s 4;
    %store/vec4 v0000027271738ec0_0, 0, 32;
    %jmp T_6.11;
T_6.8 ;
    %load/vec4 v0000027271738f60_0;
    %load/vec4 v0000027271737f20_0;
    %cmp/s;
    %flag_mov 8, 5;
    %jmp/0 T_6.12, 8;
    %pushi/vec4 1, 0, 32;
    %jmp/1 T_6.13, 8;
T_6.12 ; End of true expr.
    %pushi/vec4 0, 0, 32;
    %jmp/0 T_6.13, 8;
 ; End of false expr.
    %blend;
T_6.13;
    %store/vec4 v0000027271738ec0_0, 0, 32;
    %jmp T_6.11;
T_6.9 ;
    %load/vec4 v0000027271738f60_0;
    %load/vec4 v0000027271737f20_0;
    %cmp/u;
    %flag_mov 8, 5;
    %jmp/0 T_6.14, 8;
    %pushi/vec4 1, 0, 32;
    %jmp/1 T_6.15, 8;
T_6.14 ; End of true expr.
    %pushi/vec4 0, 0, 32;
    %jmp/0 T_6.15, 8;
 ; End of false expr.
    %blend;
T_6.15;
    %store/vec4 v0000027271738ec0_0, 0, 32;
    %jmp T_6.11;
T_6.11 ;
    %pop/vec4 1;
    %jmp T_6;
    .thread T_6, $push;
    .scope S_000002727162f690;
T_7 ;
    %wait E_00000272716d71c0;
    %load/vec4 v0000027271737c00_0;
    %dup/vec4;
    %pushi/vec4 0, 0, 3;
    %cmp/u;
    %jmp/1 T_7.0, 6;
    %dup/vec4;
    %pushi/vec4 1, 0, 3;
    %cmp/u;
    %jmp/1 T_7.1, 6;
    %dup/vec4;
    %pushi/vec4 4, 0, 3;
    %cmp/u;
    %jmp/1 T_7.2, 6;
    %dup/vec4;
    %pushi/vec4 5, 0, 3;
    %cmp/u;
    %jmp/1 T_7.3, 6;
    %dup/vec4;
    %pushi/vec4 6, 0, 3;
    %cmp/u;
    %jmp/1 T_7.4, 6;
    %dup/vec4;
    %pushi/vec4 7, 0, 3;
    %cmp/u;
    %jmp/1 T_7.5, 6;
    %pushi/vec4 0, 0, 1;
    %store/vec4 v0000027271739820_0, 0, 1;
    %jmp T_7.7;
T_7.0 ;
    %load/vec4 v0000027271738e20_0;
    %load/vec4 v0000027271737fc0_0;
    %cmp/e;
    %flag_get/vec4 4;
    %store/vec4 v0000027271739820_0, 0, 1;
    %jmp T_7.7;
T_7.1 ;
    %load/vec4 v0000027271738e20_0;
    %load/vec4 v0000027271737fc0_0;
    %cmp/ne;
    %flag_get/vec4 4;
    %store/vec4 v0000027271739820_0, 0, 1;
    %jmp T_7.7;
T_7.2 ;
    %load/vec4 v0000027271738e20_0;
    %load/vec4 v0000027271737fc0_0;
    %cmp/s;
    %flag_get/vec4 5;
    %store/vec4 v0000027271739820_0, 0, 1;
    %jmp T_7.7;
T_7.3 ;
    %load/vec4 v0000027271737fc0_0;
    %load/vec4 v0000027271738e20_0;
    %cmp/s;
    %flag_get/vec4 4;
    %flag_get/vec4 5;
    %or;
    %store/vec4 v0000027271739820_0, 0, 1;
    %jmp T_7.7;
T_7.4 ;
    %load/vec4 v0000027271738e20_0;
    %load/vec4 v0000027271737fc0_0;
    %cmp/u;
    %flag_get/vec4 5;
    %store/vec4 v0000027271739820_0, 0, 1;
    %jmp T_7.7;
T_7.5 ;
    %load/vec4 v0000027271737fc0_0;
    %load/vec4 v0000027271738e20_0;
    %cmp/u;
    %flag_get/vec4 4;
    %flag_get/vec4 5;
    %or;
    %store/vec4 v0000027271739820_0, 0, 1;
    %jmp T_7.7;
T_7.7 ;
    %pop/vec4 1;
    %jmp T_7;
    .thread T_7, $push;
    .scope S_00000272715ea530;
T_8 ;
    %pushi/vec4 0, 0, 32;
    %store/vec4 v0000027271737ac0_0, 0, 32;
T_8.0 ;
    %load/vec4 v0000027271737ac0_0;
    %cmpi/s 4096, 0, 32;
    %jmp/0xz T_8.1, 5;
    %pushi/vec4 0, 0, 8;
    %ix/getv/s 4, v0000027271737ac0_0;
    %store/vec4a v00000272717384c0, 4, 0;
    %load/vec4 v0000027271737ac0_0;
    %addi 1, 0, 32;
    %store/vec4 v0000027271737ac0_0, 0, 32;
    %jmp T_8.0;
T_8.1 ;
    %vpi_func 8 24 "$fopen" 32, P_00000272716341f8, "r" {0 0 0};
    %store/vec4 v0000027271739780_0, 0, 32;
    %load/vec4 v0000027271739780_0;
    %cmpi/ne 0, 0, 32;
    %jmp/0xz  T_8.2, 4;
    %pushi/vec4 0, 0, 32;
    %store/vec4 v0000027271737b60_0, 0, 32;
T_8.4 ;
    %vpi_func 8 27 "$feof" 32, v0000027271739780_0 {0 0 0};
    %nor/r;
    %flag_set/vec4 9;
    %flag_get/vec4 9;
    %jmp/0 T_8.6, 9;
    %load/vec4 v0000027271737b60_0;
    %cmpi/s 4096, 0, 32;
    %flag_get/vec4 5;
    %and;
T_8.6;
    %flag_set/vec4 8;
    %jmp/0xz T_8.5, 8;
    %vpi_func 8 28 "$fscanf" 32, v0000027271739780_0, "%h\012", v0000027271738380_0 {0 0 0};
    %store/vec4 v00000272717396e0_0, 0, 32;
    %load/vec4 v00000272717396e0_0;
    %cmpi/e 1, 0, 32;
    %jmp/0xz  T_8.7, 4;
    %load/vec4 v0000027271738380_0;
    %parti/s 8, 0, 2;
    %ix/getv/s 4, v0000027271737b60_0;
    %store/vec4a v00000272717384c0, 4, 0;
    %load/vec4 v0000027271737b60_0;
    %addi 1, 0, 32;
    %store/vec4 v0000027271737b60_0, 0, 32;
    %jmp T_8.8;
T_8.7 ;
    %vpi_func 8 33 "$fgetc" 32, v0000027271739780_0 {0 0 0};
    %store/vec4 v00000272717396e0_0, 0, 32;
T_8.8 ;
    %jmp T_8.4;
T_8.5 ;
    %vpi_call/w 8 36 "$fclose", v0000027271739780_0 {0 0 0};
T_8.2 ;
    %end;
    .thread T_8;
    .scope S_00000272715ea530;
T_9 ;
    %wait E_00000272716d7c40;
    %pushi/vec4 0, 0, 32;
    %store/vec4 v000002727173a390_0, 0, 32;
    %load/vec4 v0000027271738560_0;
    %flag_set/vec4 8;
    %jmp/0xz  T_9.0, 8;
    %load/vec4 v0000027271738420_0;
    %dup/vec4;
    %pushi/vec4 0, 0, 3;
    %cmp/u;
    %jmp/1 T_9.2, 6;
    %dup/vec4;
    %pushi/vec4 4, 0, 3;
    %cmp/u;
    %jmp/1 T_9.3, 6;
    %dup/vec4;
    %pushi/vec4 1, 0, 3;
    %cmp/u;
    %jmp/1 T_9.4, 6;
    %dup/vec4;
    %pushi/vec4 5, 0, 3;
    %cmp/u;
    %jmp/1 T_9.5, 6;
    %dup/vec4;
    %pushi/vec4 2, 0, 3;
    %cmp/u;
    %jmp/1 T_9.6, 6;
    %load/vec4 v0000027271739fd0_0;
    %store/vec4 v000002727173a390_0, 0, 32;
    %jmp T_9.8;
T_9.2 ;
    %load/vec4 v0000027271739fd0_0;
    %parti/s 1, 7, 4;
    %replicate 24;
    %load/vec4 v0000027271739fd0_0;
    %parti/s 8, 0, 2;
    %concat/vec4; draw_concat_vec4
    %store/vec4 v000002727173a390_0, 0, 32;
    %jmp T_9.8;
T_9.3 ;
    %pushi/vec4 0, 0, 24;
    %load/vec4 v0000027271739fd0_0;
    %parti/s 8, 0, 2;
    %concat/vec4; draw_concat_vec4
    %store/vec4 v000002727173a390_0, 0, 32;
    %jmp T_9.8;
T_9.4 ;
    %load/vec4 v0000027271739fd0_0;
    %parti/s 1, 15, 5;
    %replicate 16;
    %load/vec4 v0000027271739fd0_0;
    %parti/s 16, 0, 2;
    %concat/vec4; draw_concat_vec4
    %store/vec4 v000002727173a390_0, 0, 32;
    %jmp T_9.8;
T_9.5 ;
    %pushi/vec4 0, 0, 16;
    %load/vec4 v0000027271739fd0_0;
    %parti/s 16, 0, 2;
    %concat/vec4; draw_concat_vec4
    %store/vec4 v000002727173a390_0, 0, 32;
    %jmp T_9.8;
T_9.6 ;
    %load/vec4 v0000027271739fd0_0;
    %store/vec4 v000002727173a390_0, 0, 32;
    %jmp T_9.8;
T_9.8 ;
    %pop/vec4 1;
T_9.0 ;
    %jmp T_9;
    .thread T_9, $push;
    .scope S_00000272715ea530;
T_10 ;
    %wait E_00000272716d7c00;
    %load/vec4 v0000027271738600_0;
    %flag_set/vec4 8;
    %jmp/0xz  T_10.0, 8;
    %load/vec4 v0000027271738420_0;
    %dup/vec4;
    %pushi/vec4 0, 0, 3;
    %cmp/u;
    %jmp/1 T_10.2, 6;
    %dup/vec4;
    %pushi/vec4 1, 0, 3;
    %cmp/u;
    %jmp/1 T_10.3, 6;
    %dup/vec4;
    %pushi/vec4 2, 0, 3;
    %cmp/u;
    %jmp/1 T_10.4, 6;
    %jmp T_10.6;
T_10.2 ;
    %load/vec4 v0000027271739f30_0;
    %parti/s 8, 0, 2;
    %load/vec4 v0000027271738240_0;
    %parti/s 30, 2, 3;
    %concati/vec4 0, 0, 2;
    %ix/vec4 3;
    %ix/load 4, 0, 0; Constant delay
    %assign/vec4/a/d v00000272717384c0, 0, 4;
    %jmp T_10.6;
T_10.3 ;
    %load/vec4 v0000027271739f30_0;
    %parti/s 8, 0, 2;
    %load/vec4 v0000027271738240_0;
    %parti/s 30, 2, 3;
    %concati/vec4 0, 0, 2;
    %ix/vec4 3;
    %ix/load 4, 0, 0; Constant delay
    %assign/vec4/a/d v00000272717384c0, 0, 4;
    %load/vec4 v0000027271739f30_0;
    %parti/s 8, 8, 5;
    %load/vec4 v0000027271738240_0;
    %parti/s 30, 2, 3;
    %concati/vec4 1, 0, 2;
    %ix/vec4 3;
    %ix/load 4, 0, 0; Constant delay
    %assign/vec4/a/d v00000272717384c0, 0, 4;
    %jmp T_10.6;
T_10.4 ;
    %load/vec4 v0000027271739f30_0;
    %parti/s 8, 0, 2;
    %load/vec4 v0000027271738240_0;
    %parti/s 30, 2, 3;
    %concati/vec4 0, 0, 2;
    %ix/vec4 3;
    %ix/load 4, 0, 0; Constant delay
    %assign/vec4/a/d v00000272717384c0, 0, 4;
    %load/vec4 v0000027271739f30_0;
    %parti/s 8, 8, 5;
    %load/vec4 v0000027271738240_0;
    %parti/s 30, 2, 3;
    %concati/vec4 1, 0, 2;
    %ix/vec4 3;
    %ix/load 4, 0, 0; Constant delay
    %assign/vec4/a/d v00000272717384c0, 0, 4;
    %load/vec4 v0000027271739f30_0;
    %parti/s 8, 16, 6;
    %load/vec4 v0000027271738240_0;
    %parti/s 30, 2, 3;
    %concati/vec4 2, 0, 2;
    %ix/vec4 3;
    %ix/load 4, 0, 0; Constant delay
    %assign/vec4/a/d v00000272717384c0, 0, 4;
    %load/vec4 v0000027271739f30_0;
    %parti/s 8, 24, 6;
    %load/vec4 v0000027271738240_0;
    %parti/s 30, 2, 3;
    %concati/vec4 3, 0, 2;
    %ix/vec4 3;
    %ix/load 4, 0, 0; Constant delay
    %assign/vec4/a/d v00000272717384c0, 0, 4;
    %jmp T_10.6;
T_10.6 ;
    %pop/vec4 1;
T_10.0 ;
    %jmp T_10;
    .thread T_10;
    .scope S_00000272716e6be0;
T_11 ;
    %wait E_00000272716d78c0;
    %load/vec4 v00000272717412c0_0;
    %dup/vec4;
    %pushi/vec4 2, 0, 2;
    %cmp/u;
    %jmp/1 T_11.0, 6;
    %dup/vec4;
    %pushi/vec4 1, 0, 2;
    %cmp/u;
    %jmp/1 T_11.1, 6;
    %load/vec4 v0000027271741540_0;
    %store/vec4 v000002727173e810_0, 0, 32;
    %jmp T_11.3;
T_11.0 ;
    %load/vec4 v000002727173f850_0;
    %store/vec4 v000002727173e810_0, 0, 32;
    %jmp T_11.3;
T_11.1 ;
    %load/vec4 v0000027271742640_0;
    %store/vec4 v000002727173e810_0, 0, 32;
    %jmp T_11.3;
T_11.3 ;
    %pop/vec4 1;
    %load/vec4 v000002727173fe20_0;
    %dup/vec4;
    %pushi/vec4 2, 0, 2;
    %cmp/u;
    %jmp/1 T_11.4, 6;
    %dup/vec4;
    %pushi/vec4 1, 0, 2;
    %cmp/u;
    %jmp/1 T_11.5, 6;
    %load/vec4 v00000272717415e0_0;
    %store/vec4 v000002727173ee50_0, 0, 32;
    %jmp T_11.7;
T_11.4 ;
    %load/vec4 v000002727173f850_0;
    %store/vec4 v000002727173ee50_0, 0, 32;
    %jmp T_11.7;
T_11.5 ;
    %load/vec4 v0000027271742640_0;
    %store/vec4 v000002727173ee50_0, 0, 32;
    %jmp T_11.7;
T_11.7 ;
    %pop/vec4 1;
    %jmp T_11;
    .thread T_11, $push;
    .scope S_00000272716e6be0;
T_12 ;
    %wait E_00000272716d7b80;
    %load/vec4 v0000027271740320_0;
    %dup/vec4;
    %pushi/vec4 0, 0, 2;
    %cmp/u;
    %jmp/1 T_12.0, 6;
    %dup/vec4;
    %pushi/vec4 1, 0, 2;
    %cmp/u;
    %jmp/1 T_12.1, 6;
    %dup/vec4;
    %pushi/vec4 2, 0, 2;
    %cmp/u;
    %jmp/1 T_12.2, 6;
    %dup/vec4;
    %pushi/vec4 3, 0, 2;
    %cmp/u;
    %jmp/1 T_12.3, 6;
    %pushi/vec4 0, 0, 4;
    %store/vec4 v000002727173ea90_0, 0, 4;
    %jmp T_12.5;
T_12.0 ;
    %pushi/vec4 0, 0, 4;
    %store/vec4 v000002727173ea90_0, 0, 4;
    %jmp T_12.5;
T_12.1 ;
    %pushi/vec4 1, 0, 4;
    %store/vec4 v000002727173ea90_0, 0, 4;
    %jmp T_12.5;
T_12.2 ;
    %load/vec4 v0000027271740d20_0;
    %dup/vec4;
    %pushi/vec4 0, 0, 3;
    %cmp/u;
    %jmp/1 T_12.6, 6;
    %dup/vec4;
    %pushi/vec4 7, 0, 3;
    %cmp/u;
    %jmp/1 T_12.7, 6;
    %dup/vec4;
    %pushi/vec4 6, 0, 3;
    %cmp/u;
    %jmp/1 T_12.8, 6;
    %dup/vec4;
    %pushi/vec4 4, 0, 3;
    %cmp/u;
    %jmp/1 T_12.9, 6;
    %dup/vec4;
    %pushi/vec4 1, 0, 3;
    %cmp/u;
    %jmp/1 T_12.10, 6;
    %dup/vec4;
    %pushi/vec4 5, 0, 3;
    %cmp/u;
    %jmp/1 T_12.11, 6;
    %dup/vec4;
    %pushi/vec4 2, 0, 3;
    %cmp/u;
    %jmp/1 T_12.12, 6;
    %dup/vec4;
    %pushi/vec4 3, 0, 3;
    %cmp/u;
    %jmp/1 T_12.13, 6;
    %pushi/vec4 0, 0, 4;
    %store/vec4 v000002727173ea90_0, 0, 4;
    %jmp T_12.15;
T_12.6 ;
    %load/vec4 v0000027271740460_0;
    %parti/s 1, 5, 4;
    %flag_set/vec4 8;
    %jmp/0 T_12.16, 8;
    %pushi/vec4 1, 0, 4;
    %jmp/1 T_12.17, 8;
T_12.16 ; End of true expr.
    %pushi/vec4 0, 0, 4;
    %jmp/0 T_12.17, 8;
 ; End of false expr.
    %blend;
T_12.17;
    %store/vec4 v000002727173ea90_0, 0, 4;
    %jmp T_12.15;
T_12.7 ;
    %pushi/vec4 2, 0, 4;
    %store/vec4 v000002727173ea90_0, 0, 4;
    %jmp T_12.15;
T_12.8 ;
    %pushi/vec4 3, 0, 4;
    %store/vec4 v000002727173ea90_0, 0, 4;
    %jmp T_12.15;
T_12.9 ;
    %pushi/vec4 4, 0, 4;
    %store/vec4 v000002727173ea90_0, 0, 4;
    %jmp T_12.15;
T_12.10 ;
    %pushi/vec4 5, 0, 4;
    %store/vec4 v000002727173ea90_0, 0, 4;
    %jmp T_12.15;
T_12.11 ;
    %load/vec4 v0000027271740460_0;
    %parti/s 1, 5, 4;
    %flag_set/vec4 8;
    %jmp/0 T_12.18, 8;
    %pushi/vec4 7, 0, 4;
    %jmp/1 T_12.19, 8;
T_12.18 ; End of true expr.
    %pushi/vec4 6, 0, 4;
    %jmp/0 T_12.19, 8;
 ; End of false expr.
    %blend;
T_12.19;
    %store/vec4 v000002727173ea90_0, 0, 4;
    %jmp T_12.15;
T_12.12 ;
    %pushi/vec4 8, 0, 4;
    %store/vec4 v000002727173ea90_0, 0, 4;
    %jmp T_12.15;
T_12.13 ;
    %pushi/vec4 9, 0, 4;
    %store/vec4 v000002727173ea90_0, 0, 4;
    %jmp T_12.15;
T_12.15 ;
    %pop/vec4 1;
    %jmp T_12.5;
T_12.3 ;
    %load/vec4 v0000027271740d20_0;
    %dup/vec4;
    %pushi/vec4 0, 0, 3;
    %cmp/u;
    %jmp/1 T_12.20, 6;
    %dup/vec4;
    %pushi/vec4 7, 0, 3;
    %cmp/u;
    %jmp/1 T_12.21, 6;
    %dup/vec4;
    %pushi/vec4 6, 0, 3;
    %cmp/u;
    %jmp/1 T_12.22, 6;
    %dup/vec4;
    %pushi/vec4 4, 0, 3;
    %cmp/u;
    %jmp/1 T_12.23, 6;
    %dup/vec4;
    %pushi/vec4 1, 0, 3;
    %cmp/u;
    %jmp/1 T_12.24, 6;
    %dup/vec4;
    %pushi/vec4 5, 0, 3;
    %cmp/u;
    %jmp/1 T_12.25, 6;
    %dup/vec4;
    %pushi/vec4 2, 0, 3;
    %cmp/u;
    %jmp/1 T_12.26, 6;
    %dup/vec4;
    %pushi/vec4 3, 0, 3;
    %cmp/u;
    %jmp/1 T_12.27, 6;
    %pushi/vec4 0, 0, 4;
    %store/vec4 v000002727173ea90_0, 0, 4;
    %jmp T_12.29;
T_12.20 ;
    %pushi/vec4 0, 0, 4;
    %store/vec4 v000002727173ea90_0, 0, 4;
    %jmp T_12.29;
T_12.21 ;
    %pushi/vec4 2, 0, 4;
    %store/vec4 v000002727173ea90_0, 0, 4;
    %jmp T_12.29;
T_12.22 ;
    %pushi/vec4 3, 0, 4;
    %store/vec4 v000002727173ea90_0, 0, 4;
    %jmp T_12.29;
T_12.23 ;
    %pushi/vec4 4, 0, 4;
    %store/vec4 v000002727173ea90_0, 0, 4;
    %jmp T_12.29;
T_12.24 ;
    %pushi/vec4 5, 0, 4;
    %store/vec4 v000002727173ea90_0, 0, 4;
    %jmp T_12.29;
T_12.25 ;
    %load/vec4 v0000027271740460_0;
    %parti/s 1, 5, 4;
    %flag_set/vec4 8;
    %jmp/0 T_12.30, 8;
    %pushi/vec4 7, 0, 4;
    %jmp/1 T_12.31, 8;
T_12.30 ; End of true expr.
    %pushi/vec4 6, 0, 4;
    %jmp/0 T_12.31, 8;
 ; End of false expr.
    %blend;
T_12.31;
    %store/vec4 v000002727173ea90_0, 0, 4;
    %jmp T_12.29;
T_12.26 ;
    %pushi/vec4 8, 0, 4;
    %store/vec4 v000002727173ea90_0, 0, 4;
    %jmp T_12.29;
T_12.27 ;
    %pushi/vec4 9, 0, 4;
    %store/vec4 v000002727173ea90_0, 0, 4;
    %jmp T_12.29;
T_12.29 ;
    %pop/vec4 1;
    %jmp T_12.5;
T_12.5 ;
    %pop/vec4 1;
    %jmp T_12;
    .thread T_12, $push;
    .scope S_00000272716e6be0;
T_13 ;
    %wait E_00000272716d7c00;
    %load/vec4 v0000027271742d20_0;
    %flag_set/vec4 8;
    %jmp/0xz  T_13.0, 8;
    %pushi/vec4 0, 0, 32;
    %assign/vec4 v00000272717437c0_0, 0;
    %pushi/vec4 0, 0, 32;
    %assign/vec4 v0000027271740be0_0, 0;
    %pushi/vec4 19, 0, 32;
    %assign/vec4 v0000027271740b40_0, 0;
    %pushi/vec4 0, 0, 32;
    %assign/vec4 v00000272717414a0_0, 0;
    %pushi/vec4 0, 0, 32;
    %assign/vec4 v0000027271741540_0, 0;
    %pushi/vec4 0, 0, 32;
    %assign/vec4 v00000272717415e0_0, 0;
    %pushi/vec4 0, 0, 32;
    %assign/vec4 v0000027271741720_0, 0;
    %pushi/vec4 0, 0, 5;
    %assign/vec4 v00000272717400a0_0, 0;
    %pushi/vec4 0, 0, 5;
    %assign/vec4 v00000272717405a0_0, 0;
    %pushi/vec4 0, 0, 5;
    %assign/vec4 v00000272717401e0_0, 0;
    %pushi/vec4 0, 0, 3;
    %assign/vec4 v0000027271740d20_0, 0;
    %pushi/vec4 0, 0, 7;
    %assign/vec4 v0000027271740460_0, 0;
    %pushi/vec4 0, 0, 7;
    %assign/vec4 v000002727173f9c0_0, 0;
    %pushi/vec4 0, 0, 1;
    %assign/vec4 v0000027271740500_0, 0;
    %pushi/vec4 0, 0, 1;
    %assign/vec4 v0000027271740000_0, 0;
    %pushi/vec4 0, 0, 1;
    %assign/vec4 v0000027271741860_0, 0;
    %pushi/vec4 0, 0, 1;
    %assign/vec4 v0000027271741400_0, 0;
    %pushi/vec4 0, 0, 2;
    %assign/vec4 v0000027271740320_0, 0;
    %pushi/vec4 0, 0, 1;
    %assign/vec4 v0000027271740fa0_0, 0;
    %pushi/vec4 0, 0, 1;
    %assign/vec4 v00000272717410e0_0, 0;
    %pushi/vec4 0, 0, 1;
    %assign/vec4 v00000272717406e0_0, 0;
    %pushi/vec4 0, 0, 1;
    %assign/vec4 v0000027271741360_0, 0;
    %pushi/vec4 0, 0, 1;
    %assign/vec4 v0000027271741180_0, 0;
    %pushi/vec4 0, 0, 1;
    %assign/vec4 v00000272717403c0_0, 0;
    %pushi/vec4 0, 0, 1;
    %assign/vec4 v000002727173e770_0, 0;
    %pushi/vec4 0, 0, 5;
    %assign/vec4 v000002727173e6d0_0, 0;
    %pushi/vec4 0, 0, 32;
    %assign/vec4 v000002727173f030_0, 0;
    %pushi/vec4 0, 0, 32;
    %assign/vec4 v000002727173e590_0, 0;
    %pushi/vec4 0, 0, 1;
    %assign/vec4 v000002727173e3b0_0, 0;
    %pushi/vec4 0, 0, 1;
    %assign/vec4 v000002727173f0d0_0, 0;
    %pushi/vec4 0, 0, 1;
    %assign/vec4 v000002727173e270_0, 0;
    %pushi/vec4 0, 0, 1;
    %assign/vec4 v000002727173edb0_0, 0;
    %pushi/vec4 0, 0, 32;
    %assign/vec4 v000002727173de10_0, 0;
    %pushi/vec4 0, 0, 32;
    %assign/vec4 v000002727173e630_0, 0;
    %pushi/vec4 0, 0, 1;
    %assign/vec4 v000002727173eb30_0, 0;
    %pushi/vec4 0, 0, 1;
    %assign/vec4 v000002727173e4f0_0, 0;
    %pushi/vec4 0, 0, 3;
    %assign/vec4 v000002727173f670_0, 0;
    %pushi/vec4 0, 0, 32;
    %assign/vec4 v000002727173ec70_0, 0;
    %pushi/vec4 0, 0, 1;
    %assign/vec4 v0000027271742c80_0, 0;
    %pushi/vec4 0, 0, 5;
    %assign/vec4 v0000027271743f40_0, 0;
    %pushi/vec4 0, 0, 32;
    %assign/vec4 v0000027271742b40_0, 0;
    %pushi/vec4 0, 0, 32;
    %assign/vec4 v0000027271742fa0_0, 0;
    %pushi/vec4 0, 0, 32;
    %assign/vec4 v00000272717425a0_0, 0;
    %pushi/vec4 0, 0, 1;
    %assign/vec4 v0000027271743180_0, 0;
    %pushi/vec4 0, 0, 1;
    %assign/vec4 v0000027271742780_0, 0;
    %pushi/vec4 0, 0, 1;
    %assign/vec4 v0000027271743d60_0, 0;
    %pushi/vec4 0, 0, 1;
    %assign/vec4 v00000272717430e0_0, 0;
    %pushi/vec4 0, 0, 32;
    %assign/vec4 v00000272717434a0_0, 0;
    %pushi/vec4 0, 0, 32;
    %assign/vec4 v0000027271743540_0, 0;
    %jmp T_13.1;
T_13.0 ;
    %load/vec4 v0000027271742be0_0;
    %nor/r;
    %flag_set/vec4 8;
    %jmp/0xz  T_13.2, 8;
    %load/vec4 v0000027271740780_0;
    %flag_set/vec4 8;
    %jmp/0 T_13.4, 8;
    %load/vec4 v000002727173ff60_0;
    %jmp/1 T_13.5, 8;
T_13.4 ; End of true expr.
    %load/vec4 v00000272717432c0_0;
    %jmp/0 T_13.5, 8;
 ; End of false expr.
    %blend;
T_13.5;
    %assign/vec4 v00000272717437c0_0, 0;
T_13.2 ;
    %load/vec4 v0000027271740780_0;
    %flag_set/vec4 8;
    %jmp/0xz  T_13.6, 8;
    %pushi/vec4 0, 0, 32;
    %assign/vec4 v0000027271740be0_0, 0;
    %pushi/vec4 19, 0, 32;
    %assign/vec4 v0000027271740b40_0, 0;
    %jmp T_13.7;
T_13.6 ;
    %load/vec4 v0000027271742be0_0;
    %nor/r;
    %flag_set/vec4 8;
    %jmp/0xz  T_13.8, 8;
    %load/vec4 v00000272717437c0_0;
    %assign/vec4 v0000027271740be0_0, 0;
    %load/vec4 v0000027271740c80_0;
    %assign/vec4 v0000027271740b40_0, 0;
T_13.8 ;
T_13.7 ;
    %load/vec4 v0000027271740780_0;
    %flag_set/vec4 8;
    %jmp/1 T_13.12, 8;
    %load/vec4 v0000027271742be0_0;
    %flag_set/vec4 9;
    %flag_or 8, 9;
T_13.12;
    %jmp/0xz  T_13.10, 8;
    %pushi/vec4 0, 0, 32;
    %assign/vec4 v00000272717414a0_0, 0;
    %pushi/vec4 0, 0, 32;
    %assign/vec4 v0000027271741540_0, 0;
    %pushi/vec4 0, 0, 32;
    %assign/vec4 v00000272717415e0_0, 0;
    %pushi/vec4 0, 0, 32;
    %assign/vec4 v0000027271741720_0, 0;
    %pushi/vec4 0, 0, 5;
    %assign/vec4 v00000272717400a0_0, 0;
    %pushi/vec4 0, 0, 5;
    %assign/vec4 v00000272717405a0_0, 0;
    %pushi/vec4 0, 0, 5;
    %assign/vec4 v00000272717401e0_0, 0;
    %pushi/vec4 0, 0, 3;
    %assign/vec4 v0000027271740d20_0, 0;
    %pushi/vec4 0, 0, 7;
    %assign/vec4 v0000027271740460_0, 0;
    %pushi/vec4 0, 0, 7;
    %assign/vec4 v000002727173f9c0_0, 0;
    %pushi/vec4 0, 0, 1;
    %assign/vec4 v0000027271740500_0, 0;
    %pushi/vec4 0, 0, 1;
    %assign/vec4 v0000027271740000_0, 0;
    %pushi/vec4 0, 0, 1;
    %assign/vec4 v0000027271741860_0, 0;
    %pushi/vec4 0, 0, 1;
    %assign/vec4 v0000027271741400_0, 0;
    %pushi/vec4 0, 0, 2;
    %assign/vec4 v0000027271740320_0, 0;
    %pushi/vec4 0, 0, 1;
    %assign/vec4 v0000027271740fa0_0, 0;
    %pushi/vec4 0, 0, 1;
    %assign/vec4 v00000272717410e0_0, 0;
    %pushi/vec4 0, 0, 1;
    %assign/vec4 v00000272717406e0_0, 0;
    %pushi/vec4 0, 0, 1;
    %assign/vec4 v0000027271741360_0, 0;
    %pushi/vec4 0, 0, 1;
    %assign/vec4 v0000027271741180_0, 0;
    %pushi/vec4 0, 0, 1;
    %assign/vec4 v00000272717403c0_0, 0;
    %jmp T_13.11;
T_13.10 ;
    %load/vec4 v0000027271740be0_0;
    %assign/vec4 v00000272717414a0_0, 0;
    %load/vec4 v000002727173fba0_0;
    %assign/vec4 v0000027271741540_0, 0;
    %load/vec4 v00000272717408c0_0;
    %assign/vec4 v00000272717415e0_0, 0;
    %load/vec4 v0000027271741220_0;
    %assign/vec4 v0000027271741720_0, 0;
    %load/vec4 v000002727173fb00_0;
    %assign/vec4 v00000272717400a0_0, 0;
    %load/vec4 v000002727173fc40_0;
    %assign/vec4 v00000272717405a0_0, 0;
    %load/vec4 v000002727173fa60_0;
    %assign/vec4 v00000272717401e0_0, 0;
    %load/vec4 v0000027271740aa0_0;
    %assign/vec4 v0000027271740d20_0, 0;
    %load/vec4 v0000027271740280_0;
    %assign/vec4 v0000027271740460_0, 0;
    %load/vec4 v0000027271741040_0;
    %assign/vec4 v000002727173f9c0_0, 0;
    %load/vec4 v0000027271740e60_0;
    %assign/vec4 v0000027271740500_0, 0;
    %load/vec4 v000002727173fce0_0;
    %assign/vec4 v0000027271740000_0, 0;
    %load/vec4 v0000027271741680_0;
    %assign/vec4 v0000027271741860_0, 0;
    %load/vec4 v0000027271740820_0;
    %assign/vec4 v0000027271741400_0, 0;
    %load/vec4 v00000272717417c0_0;
    %assign/vec4 v0000027271740320_0, 0;
    %load/vec4 v0000027271740140_0;
    %assign/vec4 v0000027271740fa0_0, 0;
    %load/vec4 v0000027271740f00_0;
    %assign/vec4 v00000272717410e0_0, 0;
    %load/vec4 v0000027271740640_0;
    %assign/vec4 v00000272717406e0_0, 0;
    %load/vec4 v0000027271740960_0;
    %assign/vec4 v0000027271741360_0, 0;
    %load/vec4 v0000027271740dc0_0;
    %assign/vec4 v0000027271741180_0, 0;
    %load/vec4 v000002727173fec0_0;
    %assign/vec4 v00000272717403c0_0, 0;
T_13.11 ;
    %load/vec4 v0000027271740500_0;
    %assign/vec4 v000002727173e770_0, 0;
    %load/vec4 v00000272717401e0_0;
    %assign/vec4 v000002727173e6d0_0, 0;
    %load/vec4 v000002727173dcd0_0;
    %assign/vec4 v000002727173f030_0, 0;
    %load/vec4 v000002727173eef0_0;
    %assign/vec4 v000002727173e590_0, 0;
    %load/vec4 v0000027271741400_0;
    %assign/vec4 v000002727173e3b0_0, 0;
    %load/vec4 v00000272717406e0_0;
    %assign/vec4 v000002727173f0d0_0, 0;
    %load/vec4 v0000027271741180_0;
    %assign/vec4 v000002727173e270_0, 0;
    %load/vec4 v00000272717403c0_0;
    %assign/vec4 v000002727173edb0_0, 0;
    %load/vec4 v0000027271741720_0;
    %assign/vec4 v000002727173de10_0, 0;
    %load/vec4 v00000272717414a0_0;
    %assign/vec4 v000002727173e630_0, 0;
    %load/vec4 v0000027271740000_0;
    %assign/vec4 v000002727173eb30_0, 0;
    %load/vec4 v0000027271741860_0;
    %assign/vec4 v000002727173e4f0_0, 0;
    %load/vec4 v0000027271740d20_0;
    %assign/vec4 v000002727173f670_0, 0;
    %load/vec4 v000002727173ee50_0;
    %assign/vec4 v000002727173ec70_0, 0;
    %load/vec4 v000002727173e770_0;
    %assign/vec4 v0000027271742c80_0, 0;
    %load/vec4 v000002727173e6d0_0;
    %assign/vec4 v0000027271743f40_0, 0;
    %load/vec4 v0000027271743040_0;
    %assign/vec4 v0000027271742b40_0, 0;
    %load/vec4 v000002727173f030_0;
    %assign/vec4 v0000027271742fa0_0, 0;
    %load/vec4 v000002727173e590_0;
    %assign/vec4 v00000272717425a0_0, 0;
    %load/vec4 v000002727173e3b0_0;
    %assign/vec4 v0000027271743180_0, 0;
    %load/vec4 v000002727173f0d0_0;
    %assign/vec4 v0000027271742780_0, 0;
    %load/vec4 v000002727173e270_0;
    %assign/vec4 v0000027271743d60_0, 0;
    %load/vec4 v000002727173edb0_0;
    %assign/vec4 v00000272717430e0_0, 0;
    %load/vec4 v000002727173de10_0;
    %assign/vec4 v00000272717434a0_0, 0;
    %load/vec4 v000002727173e630_0;
    %assign/vec4 v0000027271743540_0, 0;
T_13.1 ;
    %jmp T_13;
    .thread T_13;
    .scope S_00000272716e67c0;
T_14 ;
    %pushi/vec4 0, 0, 1;
    %store/vec4 v0000027271743ea0_0, 0, 1;
    %pushi/vec4 1, 0, 1;
    %store/vec4 v0000027271742a00_0, 0, 1;
    %end;
    .thread T_14, $init;
    .scope S_00000272716e67c0;
T_15 ;
    %delay 5000, 0;
    %load/vec4 v0000027271743ea0_0;
    %inv;
    %store/vec4 v0000027271743ea0_0, 0, 1;
    %jmp T_15;
    .thread T_15;
    .scope S_00000272716e67c0;
T_16 ;
    %wait E_00000272716d7c00;
    %load/vec4 v0000027271742a00_0;
    %flag_set/vec4 8;
    %jmp/0xz  T_16.0, 8;
    %pushi/vec4 0, 0, 32;
    %assign/vec4 v0000027271743fe0_0, 0;
    %jmp T_16.1;
T_16.0 ;
    %load/vec4 v0000027271743fe0_0;
    %addi 1, 0, 32;
    %assign/vec4 v0000027271743fe0_0, 0;
    %load/vec4 v0000027271743fe0_0;
    %addi 1, 0, 32;
    %vpi_call/w 3 21 "$display", "TRACE C=%0d | PC=%08h | IF/ID{pc=%08h instr=%08h} | ID/EX{pc=%08h opc=%02h rs1=%0d rs2=%0d rd=%0d} | FWD{A=%02b B=%02b} | stall=%0b flush=%0b", S<0,vec4,s32>, v00000272717437c0_0, v0000027271740be0_0, v0000027271740b40_0, v00000272717414a0_0, v000002727173f9c0_0, v00000272717400a0_0, v00000272717405a0_0, v00000272717401e0_0, v00000272717412c0_0, v000002727173fe20_0, v0000027271742be0_0, v0000027271740780_0 {1 0 0};
T_16.1 ;
    %jmp T_16;
    .thread T_16;
    .scope S_00000272716e67c0;
T_17 ;
    %vpi_call/w 3 34 "$dumpfile", "sim/pp_top.vcd" {0 0 0};
    %vpi_call/w 3 35 "$dumpvars", 32'sb00000000000000000000000000000000, S_00000272716e67c0 {0 0 0};
    %pushi/vec4 0, 0, 32;
    %store/vec4 v0000027271744080_0, 0, 32;
    %pushi/vec4 0, 0, 32;
    %store/vec4 v0000027271743fe0_0, 0, 32;
    %delay 40000, 0;
    %pushi/vec4 0, 0, 1;
    %store/vec4 v0000027271742a00_0, 0, 1;
    %vpi_call/w 3 42 "$display", "---- Pipeline Trace Start ----" {0 0 0};
    %vpi_call/w 3 43 "$display", "Format: CYCLE | PC | IF/ID | ID/EX | Forwarding | stall | flush" {0 0 0};
    %delay 600000, 0;
    %ix/load 4, 1, 0;
    %flag_set/imm 4, 0;
    %load/vec4a v000002727173ce40, 4;
    %cmpi/ne 5, 0, 32;
    %jmp/0xz  T_17.0, 6;
    %vpi_call/w 3 49 "$display", "FAIL x1  = %h", &A<v000002727173ce40, 1> {0 0 0};
    %load/vec4 v0000027271744080_0;
    %addi 1, 0, 32;
    %store/vec4 v0000027271744080_0, 0, 32;
T_17.0 ;
    %ix/load 4, 2, 0;
    %flag_set/imm 4, 0;
    %load/vec4a v000002727173ce40, 4;
    %cmpi/ne 7, 0, 32;
    %jmp/0xz  T_17.2, 6;
    %vpi_call/w 3 50 "$display", "FAIL x2  = %h", &A<v000002727173ce40, 2> {0 0 0};
    %load/vec4 v0000027271744080_0;
    %addi 1, 0, 32;
    %store/vec4 v0000027271744080_0, 0, 32;
T_17.2 ;
    %ix/load 4, 3, 0;
    %flag_set/imm 4, 0;
    %load/vec4a v000002727173ce40, 4;
    %cmpi/ne 12, 0, 32;
    %jmp/0xz  T_17.4, 6;
    %vpi_call/w 3 51 "$display", "FAIL x3  = %h", &A<v000002727173ce40, 3> {0 0 0};
    %load/vec4 v0000027271744080_0;
    %addi 1, 0, 32;
    %store/vec4 v0000027271744080_0, 0, 32;
T_17.4 ;
    %ix/load 4, 4, 0;
    %flag_set/imm 4, 0;
    %load/vec4a v000002727173ce40, 4;
    %cmpi/ne 17, 0, 32;
    %jmp/0xz  T_17.6, 6;
    %vpi_call/w 3 52 "$display", "FAIL x4  = %h", &A<v000002727173ce40, 4> {0 0 0};
    %load/vec4 v0000027271744080_0;
    %addi 1, 0, 32;
    %store/vec4 v0000027271744080_0, 0, 32;
T_17.6 ;
    %ix/load 4, 5, 0;
    %flag_set/imm 4, 0;
    %load/vec4a v000002727173ce40, 4;
    %cmpi/ne 305418240, 0, 32;
    %jmp/0xz  T_17.8, 6;
    %vpi_call/w 3 53 "$display", "FAIL x5  = %h", &A<v000002727173ce40, 5> {0 0 0};
    %load/vec4 v0000027271744080_0;
    %addi 1, 0, 32;
    %store/vec4 v0000027271744080_0, 0, 32;
T_17.8 ;
    %ix/load 4, 6, 0;
    %flag_set/imm 4, 0;
    %load/vec4a v000002727173ce40, 4;
    %cmpi/ne 305418245, 0, 32;
    %jmp/0xz  T_17.10, 6;
    %vpi_call/w 3 54 "$display", "FAIL x6  = %h", &A<v000002727173ce40, 6> {0 0 0};
    %load/vec4 v0000027271744080_0;
    %addi 1, 0, 32;
    %store/vec4 v0000027271744080_0, 0, 32;
T_17.10 ;
    %ix/load 4, 7, 0;
    %flag_set/imm 4, 0;
    %load/vec4a v000002727173ce40, 4;
    %cmpi/ne 305418245, 0, 32;
    %jmp/0xz  T_17.12, 6;
    %vpi_call/w 3 55 "$display", "FAIL x7  = %h", &A<v000002727173ce40, 7> {0 0 0};
    %load/vec4 v0000027271744080_0;
    %addi 1, 0, 32;
    %store/vec4 v0000027271744080_0, 0, 32;
T_17.12 ;
    %ix/load 4, 8, 0;
    %flag_set/imm 4, 0;
    %load/vec4a v000002727173ce40, 4;
    %cmpi/ne 305418250, 0, 32;
    %jmp/0xz  T_17.14, 6;
    %vpi_call/w 3 56 "$display", "FAIL x8  = %h", &A<v000002727173ce40, 8> {0 0 0};
    %load/vec4 v0000027271744080_0;
    %addi 1, 0, 32;
    %store/vec4 v0000027271744080_0, 0, 32;
T_17.14 ;
    %ix/load 4, 9, 0;
    %flag_set/imm 4, 0;
    %load/vec4a v000002727173ce40, 4;
    %cmpi/ne 36, 0, 32;
    %jmp/0xz  T_17.16, 6;
    %vpi_call/w 3 57 "$display", "FAIL x9  = %h", &A<v000002727173ce40, 9> {0 0 0};
    %load/vec4 v0000027271744080_0;
    %addi 1, 0, 32;
    %store/vec4 v0000027271744080_0, 0, 32;
T_17.16 ;
    %ix/load 4, 10, 0;
    %flag_set/imm 4, 0;
    %load/vec4a v000002727173ce40, 4;
    %cmpi/ne 41, 0, 32;
    %jmp/0xz  T_17.18, 6;
    %vpi_call/w 3 58 "$display", "FAIL x10 = %h", &A<v000002727173ce40, 10> {0 0 0};
    %load/vec4 v0000027271744080_0;
    %addi 1, 0, 32;
    %store/vec4 v0000027271744080_0, 0, 32;
T_17.18 ;
    %ix/load 4, 3, 0;
    %flag_set/imm 4, 0;
    %load/vec4a v00000272717384c0, 4;
    %ix/load 4, 2, 0;
    %flag_set/imm 4, 0;
    %load/vec4a v00000272717384c0, 4;
    %concat/vec4; draw_concat_vec4
    %ix/load 4, 1, 0;
    %flag_set/imm 4, 0;
    %load/vec4a v00000272717384c0, 4;
    %concat/vec4; draw_concat_vec4
    %ix/load 4, 0, 0;
    %flag_set/imm 4, 0;
    %load/vec4a v00000272717384c0, 4;
    %concat/vec4; draw_concat_vec4
    %cmpi/ne 305418245, 0, 32;
    %jmp/0xz  T_17.20, 6;
    %ix/load 4, 3, 0;
    %flag_set/imm 4, 0;
    %load/vec4a v00000272717384c0, 4;
    %ix/load 4, 2, 0;
    %flag_set/imm 4, 0;
    %load/vec4a v00000272717384c0, 4;
    %concat/vec4; draw_concat_vec4
    %ix/load 4, 1, 0;
    %flag_set/imm 4, 0;
    %load/vec4a v00000272717384c0, 4;
    %concat/vec4; draw_concat_vec4
    %ix/load 4, 0, 0;
    %flag_set/imm 4, 0;
    %load/vec4a v00000272717384c0, 4;
    %concat/vec4; draw_concat_vec4
    %vpi_call/w 3 62 "$display", "FAIL mem[0] = %h", S<0,vec4,u32> {1 0 0};
    %load/vec4 v0000027271744080_0;
    %addi 1, 0, 32;
    %store/vec4 v0000027271744080_0, 0, 32;
T_17.20 ;
    %load/vec4 v0000027271744080_0;
    %cmpi/e 0, 0, 32;
    %jmp/0xz  T_17.22, 4;
    %vpi_call/w 3 67 "$display", "PASS: pipeline + forwarding + load-use stall checks" {0 0 0};
    %jmp T_17.23;
T_17.22 ;
    %vpi_call/w 3 69 "$display", "FAIL: %0d checks failed", v0000027271744080_0 {0 0 0};
T_17.23 ;
    %vpi_call/w 3 71 "$finish" {0 0 0};
    %end;
    .thread T_17;
# The file index is used to find the file name in the following table.
:file_names 13;
    "N/A";
    "<interactive>";
    "-";
    "tb\tb_pp_top.v";
    "src\pp_top.v";
    "src\alu.v";
    "src\branch_comp.v";
    "src\controller.v";
    "src\dmem.v";
    "src\forwarding_unit.v";
    "src\imem.v";
    "src\imm_gen.v";
    "src\regfile.v";
